[2019-10-12 00:52:01] production.ERROR: SQLSTATE[HY000] [1049] Unknown database 'attendize' (SQL: select * from information_schema.tables where table_schema = attendize and table_name = migrations and table_type = 'BASE TABLE') {"exception":"[object] (Illuminate\\Database\\QueryException(code: 1049): SQLSTATE[HY000] [1049] Unknown database 'attendize' (SQL: select * from information_schema.tables where table_schema = attendize and table_name = migrations and table_type = 'BASE TABLE') at C:\\xampp\\htdocs\\Attendize-master\\vendor\\laravel\\framework\\src\\Illuminate\\Database\\Connection.php:664, Doctrine\\DBAL\\Driver\\PDOException(code: 1049): SQLSTATE[HY000] [1049] Unknown database 'attendize' at C:\\xampp\\htdocs\\Attendize-master\\vendor\\doctrine\\dbal\\lib\\Doctrine\\DBAL\\Driver\\PDOConnection.php:31, PDOException(code: 1049): SQLSTATE[HY000] [1049] Unknown database 'attendize' at C:\\xampp\\htdocs\\Attendize-master\\vendor\\doctrine\\dbal\\lib\\Doctrine\\DBAL\\Driver\\PDOConnection.php:27)
[stacktrace]
#0 C:\\xampp\\htdocs\\Attendize-master\\vendor\\laravel\\framework\\src\\Illuminate\\Database\\Connection.php(624): Illuminate\\Database\\Connection->runQueryCallback('select * from i...', Array, Object(Closure))
#1 C:\\xampp\\htdocs\\Attendize-master\\vendor\\laravel\\framework\\src\\Illuminate\\Database\\Connection.php(333): Illuminate\\Database\\Connection->run('select * from i...', Array, Object(Closure))
#2 C:\\xampp\\htdocs\\Attendize-master\\vendor\\laravel\\framework\\src\\Illuminate\\Database\\Schema\\MySqlBuilder.php(18): Illuminate\\Database\\Connection->select('select * from i...', Array)
#3 C:\\xampp\\htdocs\\Attendize-master\\vendor\\laravel\\framework\\src\\Illuminate\\Database\\Migrations\\DatabaseMigrationRepository.php(169): Illuminate\\Database\\Schema\\MySqlBuilder->hasTable('migrations')
#4 C:\\xampp\\htdocs\\Attendize-master\\vendor\\laravel\\framework\\src\\Illuminate\\Database\\Migrations\\Migrator.php(585): Illuminate\\Database\\Migrations\\DatabaseMigrationRepository->repositoryExists()
#5 C:\\xampp\\htdocs\\Attendize-master\\vendor\\laravel\\framework\\src\\Illuminate\\Database\\Console\\Migrations\\MigrateCommand.php(91): Illuminate\\Database\\Migrations\\Migrator->repositoryExists()
#6 C:\\xampp\\htdocs\\Attendize-master\\vendor\\laravel\\framework\\src\\Illuminate\\Database\\Console\\Migrations\\MigrateCommand.php(63): Illuminate\\Database\\Console\\Migrations\\MigrateCommand->prepareDatabase()
#7 [internal function]: Illuminate\\Database\\Console\\Migrations\\MigrateCommand->handle()
#8 C:\\xampp\\htdocs\\Attendize-master\\vendor\\laravel\\framework\\src\\Illuminate\\Container\\BoundMethod.php(32): call_user_func_array(Array, Array)
#9 C:\\xampp\\htdocs\\Attendize-master\\vendor\\laravel\\framework\\src\\Illuminate\\Container\\BoundMethod.php(90): Illuminate\\Container\\BoundMethod::Illuminate\\Container\\{closure}()
#10 C:\\xampp\\htdocs\\Attendize-master\\vendor\\laravel\\framework\\src\\Illuminate\\Container\\BoundMethod.php(34): Illuminate\\Container\\BoundMethod::callBoundMethod(Object(Illuminate\\Foundation\\Application), Array, Object(Closure))
#11 C:\\xampp\\htdocs\\Attendize-master\\vendor\\laravel\\framework\\src\\Illuminate\\Container\\Container.php(576): Illuminate\\Container\\BoundMethod::call(Object(Illuminate\\Foundation\\Application), Array, Array, NULL)
#12 C:\\xampp\\htdocs\\Attendize-master\\vendor\\laravel\\framework\\src\\Illuminate\\Console\\Command.php(183): Illuminate\\Container\\Container->call(Array)
#13 C:\\xampp\\htdocs\\Attendize-master\\vendor\\symfony\\console\\Command\\Command.php(255): Illuminate\\Console\\Command->execute(Object(Symfony\\Component\\Console\\Input\\ArrayInput), Object(Illuminate\\Console\\OutputStyle))
#14 C:\\xampp\\htdocs\\Attendize-master\\vendor\\laravel\\framework\\src\\Illuminate\\Console\\Command.php(170): Symfony\\Component\\Console\\Command\\Command->run(Object(Symfony\\Component\\Console\\Input\\ArrayInput), Object(Illuminate\\Console\\OutputStyle))
#15 C:\\xampp\\htdocs\\Attendize-master\\vendor\\symfony\\console\\Application.php(915): Illuminate\\Console\\Command->run(Object(Symfony\\Component\\Console\\Input\\ArrayInput), Object(Symfony\\Component\\Console\\Output\\BufferedOutput))
#16 C:\\xampp\\htdocs\\Attendize-master\\vendor\\symfony\\console\\Application.php(272): Symfony\\Component\\Console\\Application->doRunCommand(Object(Illuminate\\Database\\Console\\Migrations\\MigrateCommand), Object(Symfony\\Component\\Console\\Input\\ArrayInput), Object(Symfony\\Component\\Console\\Output\\BufferedOutput))
#17 C:\\xampp\\htdocs\\Attendize-master\\vendor\\symfony\\console\\Application.php(148): Symfony\\Component\\Console\\Application->doRun(Object(Symfony\\Component\\Console\\Input\\ArrayInput), Object(Symfony\\Component\\Console\\Output\\BufferedOutput))
#18 C:\\xampp\\htdocs\\Attendize-master\\vendor\\laravel\\framework\\src\\Illuminate\\Console\\Application.php(90): Symfony\\Component\\Console\\Application->run(Object(Symfony\\Component\\Console\\Input\\ArrayInput), Object(Symfony\\Component\\Console\\Output\\BufferedOutput))
#19 C:\\xampp\\htdocs\\Attendize-master\\vendor\\laravel\\framework\\src\\Illuminate\\Console\\Application.php(182): Illuminate\\Console\\Application->run(Object(Symfony\\Component\\Console\\Input\\ArrayInput), Object(Symfony\\Component\\Console\\Output\\BufferedOutput))
#20 C:\\xampp\\htdocs\\Attendize-master\\vendor\\laravel\\framework\\src\\Illuminate\\Foundation\\Console\\Kernel.php(275): Illuminate\\Console\\Application->call('migrate', Array, NULL)
#21 C:\\xampp\\htdocs\\Attendize-master\\vendor\\laravel\\framework\\src\\Illuminate\\Support\\Facades\\Facade.php(239): Illuminate\\Foundation\\Console\\Kernel->call('migrate', Array)
#22 C:\\xampp\\htdocs\\Attendize-master\\app\\Console\\Commands\\Install.php(60): Illuminate\\Support\\Facades\\Facade::__callStatic('call', Array)
#23 [internal function]: App\\Console\\Commands\\Install->handle()
#24 C:\\xampp\\htdocs\\Attendize-master\\vendor\\laravel\\framework\\src\\Illuminate\\Container\\BoundMethod.php(32): call_user_func_array(Array, Array)
#25 C:\\xampp\\htdocs\\Attendize-master\\vendor\\laravel\\framework\\src\\Illuminate\\Container\\BoundMethod.php(90): Illuminate\\Container\\BoundMethod::Illuminate\\Container\\{closure}()
#26 C:\\xampp\\htdocs\\Attendize-master\\vendor\\laravel\\framework\\src\\Illuminate\\Container\\BoundMethod.php(34): Illuminate\\Container\\BoundMethod::callBoundMethod(Object(Illuminate\\Foundation\\Application), Array, Object(Closure))
#27 C:\\xampp\\htdocs\\Attendize-master\\vendor\\laravel\\framework\\src\\Illuminate\\Container\\Container.php(576): Illuminate\\Container\\BoundMethod::call(Object(Illuminate\\Foundation\\Application), Array, Array, NULL)
#28 C:\\xampp\\htdocs\\Attendize-master\\vendor\\laravel\\framework\\src\\Illuminate\\Console\\Command.php(183): Illuminate\\Container\\Container->call(Array)
#29 C:\\xampp\\htdocs\\Attendize-master\\vendor\\symfony\\console\\Command\\Command.php(255): Illuminate\\Console\\Command->execute(Object(Symfony\\Component\\Console\\Input\\ArgvInput), Object(Illuminate\\Console\\OutputStyle))
#30 C:\\xampp\\htdocs\\Attendize-master\\vendor\\laravel\\framework\\src\\Illuminate\\Console\\Command.php(170): Symfony\\Component\\Console\\Command\\Command->run(Object(Symfony\\Component\\Console\\Input\\ArgvInput), Object(Illuminate\\Console\\OutputStyle))
#31 C:\\xampp\\htdocs\\Attendize-master\\vendor\\symfony\\console\\Application.php(915): Illuminate\\Console\\Command->run(Object(Symfony\\Component\\Console\\Input\\ArgvInput), Object(Symfony\\Component\\Console\\Output\\ConsoleOutput))
#32 C:\\xampp\\htdocs\\Attendize-master\\vendor\\symfony\\console\\Application.php(272): Symfony\\Component\\Console\\Application->doRunCommand(Object(App\\Console\\Commands\\Install), Object(Symfony\\Component\\Console\\Input\\ArgvInput), Object(Symfony\\Component\\Console\\Output\\ConsoleOutput))
#33 C:\\xampp\\htdocs\\Attendize-master\\vendor\\symfony\\console\\Application.php(148): Symfony\\Component\\Console\\Application->doRun(Object(Symfony\\Component\\Console\\Input\\ArgvInput), Object(Symfony\\Component\\Console\\Output\\ConsoleOutput))
#34 C:\\xampp\\htdocs\\Attendize-master\\vendor\\laravel\\framework\\src\\Illuminate\\Console\\Application.php(90): Symfony\\Component\\Console\\Application->run(Object(Symfony\\Component\\Console\\Input\\ArgvInput), Object(Symfony\\Component\\Console\\Output\\ConsoleOutput))
#35 C:\\xampp\\htdocs\\Attendize-master\\vendor\\laravel\\framework\\src\\Illuminate\\Foundation\\Console\\Kernel.php(133): Illuminate\\Console\\Application->run(Object(Symfony\\Component\\Console\\Input\\ArgvInput), Object(Symfony\\Component\\Console\\Output\\ConsoleOutput))
#36 C:\\xampp\\htdocs\\Attendize-master\\artisan(37): Illuminate\\Foundation\\Console\\Kernel->handle(Object(Symfony\\Component\\Console\\Input\\ArgvInput), Object(Symfony\\Component\\Console\\Output\\ConsoleOutput))
#37 {main}
"} 
[2019-10-12 00:58:41] production.ERROR: SQLSTATE[23000]: Integrity constraint violation: 1048 Column 'last_name' cannot be null (SQL: insert into `accounts` (`email`, `first_name`, `last_name`, `currency_id`, `timezone_id`, `updated_at`, `created_at`) values (admin@mahindra.id, admin, ?, 2, 30, 2019-10-12 00:58:41, 2019-10-12 00:58:41)) {"exception":"[object] (Illuminate\\Database\\QueryException(code: 23000): SQLSTATE[23000]: Integrity constraint violation: 1048 Column 'last_name' cannot be null (SQL: insert into `accounts` (`email`, `first_name`, `last_name`, `currency_id`, `timezone_id`, `updated_at`, `created_at`) values (admin@mahindra.id, admin, ?, 2, 30, 2019-10-12 00:58:41, 2019-10-12 00:58:41)) at C:\\xampp\\htdocs\\Attendize-master\\vendor\\laravel\\framework\\src\\Illuminate\\Database\\Connection.php:664, Doctrine\\DBAL\\Driver\\PDOException(code: 23000): SQLSTATE[23000]: Integrity constraint violation: 1048 Column 'last_name' cannot be null at C:\\xampp\\htdocs\\Attendize-master\\vendor\\doctrine\\dbal\\lib\\Doctrine\\DBAL\\Driver\\PDOStatement.php:119, PDOException(code: 23000): SQLSTATE[23000]: Integrity constraint violation: 1048 Column 'last_name' cannot be null at C:\\xampp\\htdocs\\Attendize-master\\vendor\\doctrine\\dbal\\lib\\Doctrine\\DBAL\\Driver\\PDOStatement.php:117)
[stacktrace]
#0 C:\\xampp\\htdocs\\Attendize-master\\vendor\\laravel\\framework\\src\\Illuminate\\Database\\Connection.php(624): Illuminate\\Database\\Connection->runQueryCallback('insert into `ac...', Array, Object(Closure))
#1 C:\\xampp\\htdocs\\Attendize-master\\vendor\\laravel\\framework\\src\\Illuminate\\Database\\Connection.php(459): Illuminate\\Database\\Connection->run('insert into `ac...', Array, Object(Closure))
#2 C:\\xampp\\htdocs\\Attendize-master\\vendor\\laravel\\framework\\src\\Illuminate\\Database\\Connection.php(411): Illuminate\\Database\\Connection->statement('insert into `ac...', Array)
#3 C:\\xampp\\htdocs\\Attendize-master\\vendor\\laravel\\framework\\src\\Illuminate\\Database\\Query\\Processors\\Processor.php(32): Illuminate\\Database\\Connection->insert('insert into `ac...', Array)
#4 C:\\xampp\\htdocs\\Attendize-master\\vendor\\laravel\\framework\\src\\Illuminate\\Database\\Query\\Builder.php(2690): Illuminate\\Database\\Query\\Processors\\Processor->processInsertGetId(Object(Illuminate\\Database\\Query\\Builder), 'insert into `ac...', Array, 'id')
#5 C:\\xampp\\htdocs\\Attendize-master\\vendor\\laravel\\framework\\src\\Illuminate\\Database\\Eloquent\\Builder.php(1353): Illuminate\\Database\\Query\\Builder->insertGetId(Array, 'id')
#6 C:\\xampp\\htdocs\\Attendize-master\\vendor\\laravel\\framework\\src\\Illuminate\\Database\\Eloquent\\Model.php(839): Illuminate\\Database\\Eloquent\\Builder->__call('insertGetId', Array)
#7 C:\\xampp\\htdocs\\Attendize-master\\vendor\\laravel\\framework\\src\\Illuminate\\Database\\Eloquent\\Model.php(804): Illuminate\\Database\\Eloquent\\Model->insertAndSetId(Object(Illuminate\\Database\\Eloquent\\Builder), Array)
#8 C:\\xampp\\htdocs\\Attendize-master\\vendor\\laravel\\framework\\src\\Illuminate\\Database\\Eloquent\\Model.php(667): Illuminate\\Database\\Eloquent\\Model->performInsert(Object(Illuminate\\Database\\Eloquent\\Builder))
#9 C:\\xampp\\htdocs\\Attendize-master\\vendor\\laravel\\framework\\src\\Illuminate\\Database\\Eloquent\\Builder.php(795): Illuminate\\Database\\Eloquent\\Model->save()
#10 C:\\xampp\\htdocs\\Attendize-master\\vendor\\laravel\\framework\\src\\Illuminate\\Support\\helpers.php(1124): Illuminate\\Database\\Eloquent\\Builder->Illuminate\\Database\\Eloquent\\{closure}(Object(App\\Models\\Account))
#11 C:\\xampp\\htdocs\\Attendize-master\\vendor\\laravel\\framework\\src\\Illuminate\\Database\\Eloquent\\Builder.php(796): tap(Object(App\\Models\\Account), Object(Closure))
#12 C:\\xampp\\htdocs\\Attendize-master\\vendor\\laravel\\framework\\src\\Illuminate\\Support\\Traits\\ForwardsCalls.php(23): Illuminate\\Database\\Eloquent\\Builder->create(Array)
#13 C:\\xampp\\htdocs\\Attendize-master\\vendor\\laravel\\framework\\src\\Illuminate\\Database\\Eloquent\\Model.php(1618): Illuminate\\Database\\Eloquent\\Model->forwardCallTo(Object(Illuminate\\Database\\Eloquent\\Builder), 'create', Array)
#14 C:\\xampp\\htdocs\\Attendize-master\\vendor\\laravel\\framework\\src\\Illuminate\\Database\\Eloquent\\Model.php(1630): Illuminate\\Database\\Eloquent\\Model->__call('create', Array)
#15 C:\\xampp\\htdocs\\Attendize-master\\app\\Console\\Commands\\Install.php(91): Illuminate\\Database\\Eloquent\\Model::__callStatic('create', Array)
#16 [internal function]: App\\Console\\Commands\\Install->handle()
#17 C:\\xampp\\htdocs\\Attendize-master\\vendor\\laravel\\framework\\src\\Illuminate\\Container\\BoundMethod.php(32): call_user_func_array(Array, Array)
#18 C:\\xampp\\htdocs\\Attendize-master\\vendor\\laravel\\framework\\src\\Illuminate\\Container\\BoundMethod.php(90): Illuminate\\Container\\BoundMethod::Illuminate\\Container\\{closure}()
#19 C:\\xampp\\htdocs\\Attendize-master\\vendor\\laravel\\framework\\src\\Illuminate\\Container\\BoundMethod.php(34): Illuminate\\Container\\BoundMethod::callBoundMethod(Object(Illuminate\\Foundation\\Application), Array, Object(Closure))
#20 C:\\xampp\\htdocs\\Attendize-master\\vendor\\laravel\\framework\\src\\Illuminate\\Container\\Container.php(576): Illuminate\\Container\\BoundMethod::call(Object(Illuminate\\Foundation\\Application), Array, Array, NULL)
#21 C:\\xampp\\htdocs\\Attendize-master\\vendor\\laravel\\framework\\src\\Illuminate\\Console\\Command.php(183): Illuminate\\Container\\Container->call(Array)
#22 C:\\xampp\\htdocs\\Attendize-master\\vendor\\symfony\\console\\Command\\Command.php(255): Illuminate\\Console\\Command->execute(Object(Symfony\\Component\\Console\\Input\\ArgvInput), Object(Illuminate\\Console\\OutputStyle))
#23 C:\\xampp\\htdocs\\Attendize-master\\vendor\\laravel\\framework\\src\\Illuminate\\Console\\Command.php(170): Symfony\\Component\\Console\\Command\\Command->run(Object(Symfony\\Component\\Console\\Input\\ArgvInput), Object(Illuminate\\Console\\OutputStyle))
#24 C:\\xampp\\htdocs\\Attendize-master\\vendor\\symfony\\console\\Application.php(915): Illuminate\\Console\\Command->run(Object(Symfony\\Component\\Console\\Input\\ArgvInput), Object(Symfony\\Component\\Console\\Output\\ConsoleOutput))
#25 C:\\xampp\\htdocs\\Attendize-master\\vendor\\symfony\\console\\Application.php(272): Symfony\\Component\\Console\\Application->doRunCommand(Object(App\\Console\\Commands\\Install), Object(Symfony\\Component\\Console\\Input\\ArgvInput), Object(Symfony\\Component\\Console\\Output\\ConsoleOutput))
#26 C:\\xampp\\htdocs\\Attendize-master\\vendor\\symfony\\console\\Application.php(148): Symfony\\Component\\Console\\Application->doRun(Object(Symfony\\Component\\Console\\Input\\ArgvInput), Object(Symfony\\Component\\Console\\Output\\ConsoleOutput))
#27 C:\\xampp\\htdocs\\Attendize-master\\vendor\\laravel\\framework\\src\\Illuminate\\Console\\Application.php(90): Symfony\\Component\\Console\\Application->run(Object(Symfony\\Component\\Console\\Input\\ArgvInput), Object(Symfony\\Component\\Console\\Output\\ConsoleOutput))
#28 C:\\xampp\\htdocs\\Attendize-master\\vendor\\laravel\\framework\\src\\Illuminate\\Foundation\\Console\\Kernel.php(133): Illuminate\\Console\\Application->run(Object(Symfony\\Component\\Console\\Input\\ArgvInput), Object(Symfony\\Component\\Console\\Output\\ConsoleOutput))
#29 C:\\xampp\\htdocs\\Attendize-master\\artisan(37): Illuminate\\Foundation\\Console\\Kernel->handle(Object(Symfony\\Component\\Console\\Input\\ArgvInput), Object(Symfony\\Component\\Console\\Output\\ConsoleOutput))
#30 {main}
"} 
[2019-10-12 02:28:03] production.INFO: Firing the event  
[2019-10-12 02:28:04] production.INFO: Begin Processing Order: T0Ww11210  
[2019-10-12 02:28:04] production.INFO: Generating ticket: #T0Ww11210  
[2019-10-12 02:28:04] production.INFO: {"id":1,"account_id":1,"order_status_id":1,"created_at":"2019-10-12 02:28:02","updated_at":"2019-10-12 02:28:02","deleted_at":null,"first_name":"Ammar","last_name":"Burhanuddin","email":"ammarburhanuddin@gmail.com","business_name":null,"business_tax_number":null,"business_address_line_one":null,"business_address_line_two":null,"business_address_state_province":null,"business_address_city":null,"ticket_pdf_path":null,"order_reference":"T0Ww11210","transaction_id":null,"discount":"0.00","booking_fee":"0.00","organiser_booking_fee":"0.00","order_date":null,"notes":null,"is_deleted":0,"is_cancelled":0,"is_partially_refunded":0,"is_refunded":0,"amount":"0.00","amount_refunded":null,"event_id":1,"payment_gateway_id":null,"is_payment_received":1,"is_business":false,"taxamt":0,"business_address_code":null,"payment_intent":""}  
[2019-10-12 02:28:04] production.ERROR: Error generating ticket. This can be due to permissions on vendor/nitmedia/wkhtml2pdf/src/Nitmedia/Wkhtml2pdf/lib. This folder requires write and execute permissions for the web user  
[2019-10-12 02:28:04] production.ERROR: Error message. Path must be absolute ("/tmp/")  
[2019-10-12 02:28:04] production.ERROR: Error stack trace#0 C:\xampp\htdocs\Attendize-master\vendor\nitmedia\wkhtml2pdf\src\Nitmedia\Wkhtml2pdf\Wkhtml2pdf.php(739): Nitmedia\Wkhtml2pdf\Wkhtml2pdf->_makeFilename()
#1 C:\xampp\htdocs\Attendize-master\vendor\nitmedia\wkhtml2pdf\src\Nitmedia\Wkhtml2pdf\Wkhtml2pdf.php(854): Nitmedia\Wkhtml2pdf\Wkhtml2pdf->_createFile('<html>\n    <!--...')
#2 C:\xampp\htdocs\Attendize-master\vendor\nitmedia\wkhtml2pdf\src\Nitmedia\Wkhtml2pdf\Wkhtml2pdf.php(1047): Nitmedia\Wkhtml2pdf\Wkhtml2pdf->_render()
#3 C:\xampp\htdocs\Attendize-master\vendor\nitmedia\wkhtml2pdf\src\Nitmedia\Wkhtml2pdf\Wkhtml2pdf.php(243): Nitmedia\Wkhtml2pdf\Wkhtml2pdf->output('F', 'C:\\xampp\\htdocs...')
#4 C:\xampp\htdocs\Attendize-master\vendor\laravel\framework\src\Illuminate\Support\Facades\Facade.php(239): Nitmedia\Wkhtml2pdf\Wkhtml2pdf->html('Public.ViewEven...', Array, 'C:\\xampp\\htdocs...')
#5 C:\xampp\htdocs\Attendize-master\app\Jobs\GenerateTicket.php(79): Illuminate\Support\Facades\Facade::__callStatic('html', Array)
#6 [internal function]: App\Jobs\GenerateTicket->handle()
#7 C:\xampp\htdocs\Attendize-master\vendor\laravel\framework\src\Illuminate\Container\BoundMethod.php(32): call_user_func_array(Array, Array)
#8 C:\xampp\htdocs\Attendize-master\vendor\laravel\framework\src\Illuminate\Container\BoundMethod.php(90): Illuminate\Container\BoundMethod::Illuminate\Container\{closure}()
#9 C:\xampp\htdocs\Attendize-master\vendor\laravel\framework\src\Illuminate\Container\BoundMethod.php(34): Illuminate\Container\BoundMethod::callBoundMethod(Object(Illuminate\Foundation\Application), Array, Object(Closure))
#10 C:\xampp\htdocs\Attendize-master\vendor\laravel\framework\src\Illuminate\Container\Container.php(576): Illuminate\Container\BoundMethod::call(Object(Illuminate\Foundation\Application), Array, Array, NULL)
#11 C:\xampp\htdocs\Attendize-master\vendor\laravel\framework\src\Illuminate\Bus\Dispatcher.php(94): Illuminate\Container\Container->call(Array)
#12 C:\xampp\htdocs\Attendize-master\vendor\laravel\framework\src\Illuminate\Pipeline\Pipeline.php(128): Illuminate\Bus\Dispatcher->Illuminate\Bus\{closure}(Object(App\Jobs\GenerateTicket))
#13 C:\xampp\htdocs\Attendize-master\vendor\laravel\framework\src\Illuminate\Pipeline\Pipeline.php(104): Illuminate\Pipeline\Pipeline->Illuminate\Pipeline\{closure}(Object(App\Jobs\GenerateTicket))
#14 C:\xampp\htdocs\Attendize-master\vendor\laravel\framework\src\Illuminate\Bus\Dispatcher.php(98): Illuminate\Pipeline\Pipeline->then(Object(Closure))
#15 C:\xampp\htdocs\Attendize-master\vendor\laravel\framework\src\Illuminate\Queue\CallQueuedHandler.php(49): Illuminate\Bus\Dispatcher->dispatchNow(Object(App\Jobs\GenerateTicket), false)
#16 C:\xampp\htdocs\Attendize-master\vendor\laravel\framework\src\Illuminate\Queue\Jobs\Job.php(88): Illuminate\Queue\CallQueuedHandler->call(Object(Illuminate\Queue\Jobs\SyncJob), Array)
#17 C:\xampp\htdocs\Attendize-master\vendor\laravel\framework\src\Illuminate\Queue\SyncQueue.php(42): Illuminate\Queue\Jobs\Job->fire()
#18 C:\xampp\htdocs\Attendize-master\vendor\laravel\framework\src\Illuminate\Bus\Dispatcher.php(184): Illuminate\Queue\SyncQueue->push(Object(App\Jobs\GenerateTicket))
#19 C:\xampp\htdocs\Attendize-master\vendor\laravel\framework\src\Illuminate\Bus\Dispatcher.php(160): Illuminate\Bus\Dispatcher->pushCommandToQueue(Object(Illuminate\Queue\SyncQueue), Object(App\Jobs\GenerateTicket))
#20 C:\xampp\htdocs\Attendize-master\vendor\laravel\framework\src\Illuminate\Bus\Dispatcher.php(73): Illuminate\Bus\Dispatcher->dispatchToQueue(Object(App\Jobs\GenerateTicket))
#21 C:\xampp\htdocs\Attendize-master\vendor\laravel\framework\src\Illuminate\Foundation\Bus\PendingDispatch.php(112): Illuminate\Bus\Dispatcher->dispatch(Object(App\Jobs\GenerateTicket))
#22 C:\xampp\htdocs\Attendize-master\vendor\laravel\framework\src\Illuminate\Foundation\helpers.php(399): Illuminate\Foundation\Bus\PendingDispatch->__destruct()
#23 C:\xampp\htdocs\Attendize-master\vendor\laravel\framework\src\Illuminate\Bus\Queueable.php(147): dispatch(Object(App\Jobs\GenerateTicket))
#24 C:\xampp\htdocs\Attendize-master\vendor\laravel\framework\src\Illuminate\Queue\CallQueuedHandler.php(104): App\Jobs\ProcessGenerateAndSendTickets->dispatchNextJobInChain()
#25 C:\xampp\htdocs\Attendize-master\vendor\laravel\framework\src\Illuminate\Queue\CallQueuedHandler.php(53): Illuminate\Queue\CallQueuedHandler->ensureNextJobInChainIsDispatched(Object(App\Jobs\ProcessGenerateAndSendTickets))
#26 C:\xampp\htdocs\Attendize-master\vendor\laravel\framework\src\Illuminate\Queue\Jobs\Job.php(88): Illuminate\Queue\CallQueuedHandler->call(Object(Illuminate\Queue\Jobs\SyncJob), Array)
#27 C:\xampp\htdocs\Attendize-master\vendor\laravel\framework\src\Illuminate\Queue\SyncQueue.php(42): Illuminate\Queue\Jobs\Job->fire()
#28 C:\xampp\htdocs\Attendize-master\vendor\laravel\framework\src\Illuminate\Bus\Dispatcher.php(184): Illuminate\Queue\SyncQueue->push(Object(App\Jobs\ProcessGenerateAndSendTickets))
#29 C:\xampp\htdocs\Attendize-master\vendor\laravel\framework\src\Illuminate\Bus\Dispatcher.php(160): Illuminate\Bus\Dispatcher->pushCommandToQueue(Object(Illuminate\Queue\SyncQueue), Object(App\Jobs\ProcessGenerateAndSendTickets))
#30 C:\xampp\htdocs\Attendize-master\vendor\laravel\framework\src\Illuminate\Bus\Dispatcher.php(73): Illuminate\Bus\Dispatcher->dispatchToQueue(Object(App\Jobs\ProcessGenerateAndSendTickets))
#31 C:\xampp\htdocs\Attendize-master\vendor\laravel\framework\src\Illuminate\Foundation\Bus\PendingDispatch.php(112): Illuminate\Bus\Dispatcher->dispatch(Object(App\Jobs\ProcessGenerateAndSendTickets))
#32 C:\xampp\htdocs\Attendize-master\vendor\laravel\framework\src\Illuminate\Foundation\Bus\PendingChain.php(43): Illuminate\Foundation\Bus\PendingDispatch->__destruct()
#33 C:\xampp\htdocs\Attendize-master\app\Listeners\OrderCompletedListener.php(45): Illuminate\Foundation\Bus\PendingChain->dispatch()
#34 [internal function]: App\Listeners\OrderCompletedListener->handle(Object(App\Events\OrderCompletedEvent))
#35 C:\xampp\htdocs\Attendize-master\vendor\laravel\framework\src\Illuminate\Events\CallQueuedListener.php(86): call_user_func_array(Array, Array)
#36 [internal function]: Illuminate\Events\CallQueuedListener->handle(Object(Illuminate\Foundation\Application))
#37 C:\xampp\htdocs\Attendize-master\vendor\laravel\framework\src\Illuminate\Container\BoundMethod.php(32): call_user_func_array(Array, Array)
#38 C:\xampp\htdocs\Attendize-master\vendor\laravel\framework\src\Illuminate\Container\BoundMethod.php(90): Illuminate\Container\BoundMethod::Illuminate\Container\{closure}()
#39 C:\xampp\htdocs\Attendize-master\vendor\laravel\framework\src\Illuminate\Container\BoundMethod.php(34): Illuminate\Container\BoundMethod::callBoundMethod(Object(Illuminate\Foundation\Application), Array, Object(Closure))
#40 C:\xampp\htdocs\Attendize-master\vendor\laravel\framework\src\Illuminate\Container\Container.php(576): Illuminate\Container\BoundMethod::call(Object(Illuminate\Foundation\Application), Array, Array, NULL)
#41 C:\xampp\htdocs\Attendize-master\vendor\laravel\framework\src\Illuminate\Bus\Dispatcher.php(94): Illuminate\Container\Container->call(Array)
#42 C:\xampp\htdocs\Attendize-master\vendor\laravel\framework\src\Illuminate\Pipeline\Pipeline.php(128): Illuminate\Bus\Dispatcher->Illuminate\Bus\{closure}(Object(Illuminate\Events\CallQueuedListener))
#43 C:\xampp\htdocs\Attendize-master\vendor\laravel\framework\src\Illuminate\Pipeline\Pipeline.php(104): Illuminate\Pipeline\Pipeline->Illuminate\Pipeline\{closure}(Object(Illuminate\Events\CallQueuedListener))
#44 C:\xampp\htdocs\Attendize-master\vendor\laravel\framework\src\Illuminate\Bus\Dispatcher.php(98): Illuminate\Pipeline\Pipeline->then(Object(Closure))
#45 C:\xampp\htdocs\Attendize-master\vendor\laravel\framework\src\Illuminate\Queue\CallQueuedHandler.php(49): Illuminate\Bus\Dispatcher->dispatchNow(Object(Illuminate\Events\CallQueuedListener), false)
#46 C:\xampp\htdocs\Attendize-master\vendor\laravel\framework\src\Illuminate\Queue\Jobs\Job.php(88): Illuminate\Queue\CallQueuedHandler->call(Object(Illuminate\Queue\Jobs\SyncJob), Array)
#47 C:\xampp\htdocs\Attendize-master\vendor\laravel\framework\src\Illuminate\Queue\SyncQueue.php(42): Illuminate\Queue\Jobs\Job->fire()
#48 C:\xampp\htdocs\Attendize-master\vendor\laravel\framework\src\Illuminate\Queue\Queue.php(44): Illuminate\Queue\SyncQueue->push(Object(Illuminate\Events\CallQueuedListener), '', NULL)
#49 C:\xampp\htdocs\Attendize-master\vendor\laravel\framework\src\Illuminate\Events\Dispatcher.php(472): Illuminate\Queue\Queue->pushOn(NULL, Object(Illuminate\Events\CallQueuedListener))
#50 C:\xampp\htdocs\Attendize-master\vendor\laravel\framework\src\Illuminate\Events\Dispatcher.php(431): Illuminate\Events\Dispatcher->queueHandler('App\\Listeners\\O...', 'handle', Array)
#51 [internal function]: Illuminate\Events\Dispatcher->Illuminate\Events\{closure}(Object(App\Events\OrderCompletedEvent))
#52 C:\xampp\htdocs\Attendize-master\vendor\laravel\framework\src\Illuminate\Events\Dispatcher.php(366): call_user_func_array(Object(Closure), Array)
#53 C:\xampp\htdocs\Attendize-master\vendor\laravel\framework\src\Illuminate\Events\Dispatcher.php(196): Illuminate\Events\Dispatcher->Illuminate\Events\{closure}('App\\Events\\Orde...', Array)
#54 C:\xampp\htdocs\Attendize-master\vendor\laravel\framework\src\Illuminate\Foundation\helpers.php(482): Illuminate\Events\Dispatcher->dispatch('App\\Events\\Orde...')
#55 C:\xampp\htdocs\Attendize-master\app\Http\Controllers\EventCheckoutController.php(722): event(Object(App\Events\OrderCompletedEvent))
#56 C:\xampp\htdocs\Attendize-master\app\Http\Controllers\EventCheckoutController.php(403): App\Http\Controllers\EventCheckoutController->completeOrder('1')
#57 [internal function]: App\Http\Controllers\EventCheckoutController->postCreateOrder(Object(Illuminate\Http\Request), '1')
#58 C:\xampp\htdocs\Attendize-master\vendor\laravel\framework\src\Illuminate\Routing\Controller.php(54): call_user_func_array(Array, Array)
#59 C:\xampp\htdocs\Attendize-master\vendor\laravel\framework\src\Illuminate\Routing\ControllerDispatcher.php(45): Illuminate\Routing\Controller->callAction('postCreateOrder', Array)
#60 C:\xampp\htdocs\Attendize-master\vendor\laravel\framework\src\Illuminate\Routing\Route.php(219): Illuminate\Routing\ControllerDispatcher->dispatch(Object(Illuminate\Routing\Route), Object(App\Http\Controllers\EventCheckoutController), 'postCreateOrder')
#61 C:\xampp\htdocs\Attendize-master\vendor\laravel\framework\src\Illuminate\Routing\Route.php(176): Illuminate\Routing\Route->runController()
#62 C:\xampp\htdocs\Attendize-master\vendor\laravel\framework\src\Illuminate\Routing\Router.php(680): Illuminate\Routing\Route->run()
#63 C:\xampp\htdocs\Attendize-master\vendor\laravel\framework\src\Illuminate\Routing\Pipeline.php(30): Illuminate\Routing\Router->Illuminate\Routing\{closure}(Object(Illuminate\Http\Request))
#64 C:\xampp\htdocs\Attendize-master\vendor\mcamara\laravel-localization\src\Mcamara\LaravelLocalization\Middleware\LaravelLocalizationViewPath.php(33): Illuminate\Routing\Pipeline->Illuminate\Routing\{closure}(Object(Illuminate\Http\Request))
#65 C:\xampp\htdocs\Attendize-master\vendor\laravel\framework\src\Illuminate\Pipeline\Pipeline.php(163): Mcamara\LaravelLocalization\Middleware\LaravelLocalizationViewPath->handle(Object(Illuminate\Http\Request), Object(Closure))
#66 C:\xampp\htdocs\Attendize-master\vendor\laravel\framework\src\Illuminate\Routing\Pipeline.php(53): Illuminate\Pipeline\Pipeline->Illuminate\Pipeline\{closure}(Object(Illuminate\Http\Request))
#67 C:\xampp\htdocs\Attendize-master\vendor\mcamara\laravel-localization\src\Mcamara\LaravelLocalization\Middleware\LaravelLocalizationRedirectFilter.php(45): Illuminate\Routing\Pipeline->Illuminate\Routing\{closure}(Object(Illuminate\Http\Request))
#68 C:\xampp\htdocs\Attendize-master\vendor\laravel\framework\src\Illuminate\Pipeline\Pipeline.php(163): Mcamara\LaravelLocalization\Middleware\LaravelLocalizationRedirectFilter->handle(Object(Illuminate\Http\Request), Object(Closure))
#69 C:\xampp\htdocs\Attendize-master\vendor\laravel\framework\src\Illuminate\Routing\Pipeline.php(53): Illuminate\Pipeline\Pipeline->Illuminate\Pipeline\{closure}(Object(Illuminate\Http\Request))
#70 C:\xampp\htdocs\Attendize-master\vendor\mcamara\laravel-localization\src\Mcamara\LaravelLocalization\Middleware\LocaleSessionRedirect.php(56): Illuminate\Routing\Pipeline->Illuminate\Routing\{closure}(Object(Illuminate\Http\Request))
#71 C:\xampp\htdocs\Attendize-master\vendor\laravel\framework\src\Illuminate\Pipeline\Pipeline.php(163): Mcamara\LaravelLocalization\Middleware\LocaleSessionRedirect->handle(Object(Illuminate\Http\Request), Object(Closure))
#72 C:\xampp\htdocs\Attendize-master\vendor\laravel\framework\src\Illuminate\Routing\Pipeline.php(53): Illuminate\Pipeline\Pipeline->Illuminate\Pipeline\{closure}(Object(Illuminate\Http\Request))
#73 C:\xampp\htdocs\Attendize-master\vendor\laravel\framework\src\Illuminate\Pipeline\Pipeline.php(104): Illuminate\Routing\Pipeline->Illuminate\Routing\{closure}(Object(Illuminate\Http\Request))
#74 C:\xampp\htdocs\Attendize-master\vendor\laravel\framework\src\Illuminate\Routing\Router.php(682): Illuminate\Pipeline\Pipeline->then(Object(Closure))
#75 C:\xampp\htdocs\Attendize-master\vendor\laravel\framework\src\Illuminate\Routing\Router.php(657): Illuminate\Routing\Router->runRouteWithinStack(Object(Illuminate\Routing\Route), Object(Illuminate\Http\Request))
#76 C:\xampp\htdocs\Attendize-master\vendor\laravel\framework\src\Illuminate\Routing\Router.php(623): Illuminate\Routing\Router->runRoute(Object(Illuminate\Http\Request), Object(Illuminate\Routing\Route))
#77 C:\xampp\htdocs\Attendize-master\vendor\laravel\framework\src\Illuminate\Routing\Router.php(612): Illuminate\Routing\Router->dispatchToRoute(Object(Illuminate\Http\Request))
#78 C:\xampp\htdocs\Attendize-master\vendor\laravel\framework\src\Illuminate\Foundation\Http\Kernel.php(176): Illuminate\Routing\Router->dispatch(Object(Illuminate\Http\Request))
#79 C:\xampp\htdocs\Attendize-master\vendor\laravel\framework\src\Illuminate\Routing\Pipeline.php(30): Illuminate\Foundation\Http\Kernel->Illuminate\Foundation\Http\{closure}(Object(Illuminate\Http\Request))
#80 C:\xampp\htdocs\Attendize-master\app\Http\Middleware\GeneralChecks.php(25): Illuminate\Routing\Pipeline->Illuminate\Routing\{closure}(Object(Illuminate\Http\Request))
#81 C:\xampp\htdocs\Attendize-master\vendor\laravel\framework\src\Illuminate\Pipeline\Pipeline.php(163): app\Http\Middleware\GeneralChecks->handle(Object(Illuminate\Http\Request), Object(Closure))
#82 C:\xampp\htdocs\Attendize-master\vendor\laravel\framework\src\Illuminate\Routing\Pipeline.php(53): Illuminate\Pipeline\Pipeline->Illuminate\Pipeline\{closure}(Object(Illuminate\Http\Request))
#83 C:\xampp\htdocs\Attendize-master\vendor\laravel\framework\src\Illuminate\Foundation\Http\Middleware\VerifyCsrfToken.php(75): Illuminate\Routing\Pipeline->Illuminate\Routing\{closure}(Object(Illuminate\Http\Request))
#84 C:\xampp\htdocs\Attendize-master\app\Http\Middleware\VerifyCsrfToken.php(24): Illuminate\Foundation\Http\Middleware\VerifyCsrfToken->handle(Object(Illuminate\Http\Request), Object(Closure))
#85 C:\xampp\htdocs\Attendize-master\vendor\laravel\framework\src\Illuminate\Pipeline\Pipeline.php(163): App\Http\Middleware\VerifyCsrfToken->handle(Object(Illuminate\Http\Request), Object(Closure))
#86 C:\xampp\htdocs\Attendize-master\vendor\laravel\framework\src\Illuminate\Routing\Pipeline.php(53): Illuminate\Pipeline\Pipeline->Illuminate\Pipeline\{closure}(Object(Illuminate\Http\Request))
#87 C:\xampp\htdocs\Attendize-master\vendor\laravel\framework\src\Illuminate\View\Middleware\ShareErrorsFromSession.php(49): Illuminate\Routing\Pipeline->Illuminate\Routing\{closure}(Object(Illuminate\Http\Request))
#88 C:\xampp\htdocs\Attendize-master\vendor\laravel\framework\src\Illuminate\Pipeline\Pipeline.php(163): Illuminate\View\Middleware\ShareErrorsFromSession->handle(Object(Illuminate\Http\Request), Object(Closure))
#89 C:\xampp\htdocs\Attendize-master\vendor\laravel\framework\src\Illuminate\Routing\Pipeline.php(53): Illuminate\Pipeline\Pipeline->Illuminate\Pipeline\{closure}(Object(Illuminate\Http\Request))
#90 C:\xampp\htdocs\Attendize-master\vendor\laravel\framework\src\Illuminate\Session\Middleware\StartSession.php(56): Illuminate\Routing\Pipeline->Illuminate\Routing\{closure}(Object(Illuminate\Http\Request))
#91 C:\xampp\htdocs\Attendize-master\vendor\laravel\framework\src\Illuminate\Pipeline\Pipeline.php(163): Illuminate\Session\Middleware\StartSession->handle(Object(Illuminate\Http\Request), Object(Closure))
#92 C:\xampp\htdocs\Attendize-master\vendor\laravel\framework\src\Illuminate\Routing\Pipeline.php(53): Illuminate\Pipeline\Pipeline->Illuminate\Pipeline\{closure}(Object(Illuminate\Http\Request))
#93 C:\xampp\htdocs\Attendize-master\vendor\laravel\framework\src\Illuminate\Cookie\Middleware\AddQueuedCookiesToResponse.php(37): Illuminate\Routing\Pipeline->Illuminate\Routing\{closure}(Object(Illuminate\Http\Request))
#94 C:\xampp\htdocs\Attendize-master\vendor\laravel\framework\src\Illuminate\Pipeline\Pipeline.php(163): Illuminate\Cookie\Middleware\AddQueuedCookiesToResponse->handle(Object(Illuminate\Http\Request), Object(Closure))
#95 C:\xampp\htdocs\Attendize-master\vendor\laravel\framework\src\Illuminate\Routing\Pipeline.php(53): Illuminate\Pipeline\Pipeline->Illuminate\Pipeline\{closure}(Object(Illuminate\Http\Request))
#96 C:\xampp\htdocs\Attendize-master\vendor\laravel\framework\src\Illuminate\Cookie\Middleware\EncryptCookies.php(66): Illuminate\Routing\Pipeline->Illuminate\Routing\{closure}(Object(Illuminate\Http\Request))
#97 C:\xampp\htdocs\Attendize-master\vendor\laravel\framework\src\Illuminate\Pipeline\Pipeline.php(163): Illuminate\Cookie\Middleware\EncryptCookies->handle(Object(Illuminate\Http\Request), Object(Closure))
#98 C:\xampp\htdocs\Attendize-master\vendor\laravel\framework\src\Illuminate\Routing\Pipeline.php(53): Illuminate\Pipeline\Pipeline->Illuminate\Pipeline\{closure}(Object(Illuminate\Http\Request))
#99 C:\xampp\htdocs\Attendize-master\vendor\laravel\framework\src\Illuminate\Foundation\Http\Middleware\CheckForMaintenanceMode.php(62): Illuminate\Routing\Pipeline->Illuminate\Routing\{closure}(Object(Illuminate\Http\Request))
#100 C:\xampp\htdocs\Attendize-master\vendor\laravel\framework\src\Illuminate\Pipeline\Pipeline.php(163): Illuminate\Foundation\Http\Middleware\CheckForMaintenanceMode->handle(Object(Illuminate\Http\Request), Object(Closure))
#101 C:\xampp\htdocs\Attendize-master\vendor\laravel\framework\src\Illuminate\Routing\Pipeline.php(53): Illuminate\Pipeline\Pipeline->Illuminate\Pipeline\{closure}(Object(Illuminate\Http\Request))
#102 C:\xampp\htdocs\Attendize-master\vendor\laravel\framework\src\Illuminate\Pipeline\Pipeline.php(104): Illuminate\Routing\Pipeline->Illuminate\Routing\{closure}(Object(Illuminate\Http\Request))
#103 C:\xampp\htdocs\Attendize-master\vendor\laravel\framework\src\Illuminate\Foundation\Http\Kernel.php(151): Illuminate\Pipeline\Pipeline->then(Object(Closure))
#104 C:\xampp\htdocs\Attendize-master\vendor\laravel\framework\src\Illuminate\Foundation\Http\Kernel.php(116): Illuminate\Foundation\Http\Kernel->sendRequestThroughRouter(Object(Illuminate\Http\Request))
#105 C:\xampp\htdocs\Attendize-master\public\index.php(51): Illuminate\Foundation\Http\Kernel->handle(Object(Illuminate\Http\Request))
#106 {main}  
[2019-10-12 02:28:18] production.ERROR: Cannot send actual ticket to : ammarburhanuddin@gmail.com as ticket file does not exist on disk  
[2019-10-12 02:28:18] production.ERROR: Error message. Connection could not be established with host maildev [php_network_getaddresses: getaddrinfo failed: No such host is known.  #0]  
[2019-10-12 02:28:18] production.ERROR: Error stack trace#0 C:\xampp\htdocs\Attendize-master\vendor\swiftmailer\swiftmailer\lib\classes\Swift\Transport\StreamBuffer.php(58): Swift_Transport_StreamBuffer->establishSocketConnection()
#1 C:\xampp\htdocs\Attendize-master\vendor\swiftmailer\swiftmailer\lib\classes\Swift\Transport\AbstractSmtpTransport.php(143): Swift_Transport_StreamBuffer->initialize(Array)
#2 C:\xampp\htdocs\Attendize-master\vendor\swiftmailer\swiftmailer\lib\classes\Swift\Mailer.php(65): Swift_Transport_AbstractSmtpTransport->start()
#3 C:\xampp\htdocs\Attendize-master\vendor\laravel\framework\src\Illuminate\Mail\Mailer.php(484): Swift_Mailer->send(Object(Swift_Message), Array)
#4 C:\xampp\htdocs\Attendize-master\vendor\laravel\framework\src\Illuminate\Mail\Mailer.php(259): Illuminate\Mail\Mailer->sendSwiftMessage(Object(Swift_Message))
#5 C:\xampp\htdocs\Attendize-master\vendor\laravel\framework\src\Illuminate\Support\Facades\Facade.php(239): Illuminate\Mail\Mailer->send('Emails.OrderNot...', Array, Object(Closure))
#6 C:\xampp\htdocs\Attendize-master\app\Mailers\OrderMailer.php(25): Illuminate\Support\Facades\Facade::__callStatic('send', Array)
#7 C:\xampp\htdocs\Attendize-master\app\Jobs\SendOrderNotification.php(36): App\Mailers\OrderMailer->sendOrderNotification(Object(App\Models\Order))
#8 [internal function]: App\Jobs\SendOrderNotification->handle(Object(App\Mailers\OrderMailer))
#9 C:\xampp\htdocs\Attendize-master\vendor\laravel\framework\src\Illuminate\Container\BoundMethod.php(32): call_user_func_array(Array, Array)
#10 C:\xampp\htdocs\Attendize-master\vendor\laravel\framework\src\Illuminate\Container\BoundMethod.php(90): Illuminate\Container\BoundMethod::Illuminate\Container\{closure}()
#11 C:\xampp\htdocs\Attendize-master\vendor\laravel\framework\src\Illuminate\Container\BoundMethod.php(34): Illuminate\Container\BoundMethod::callBoundMethod(Object(Illuminate\Foundation\Application), Array, Object(Closure))
#12 C:\xampp\htdocs\Attendize-master\vendor\laravel\framework\src\Illuminate\Container\Container.php(576): Illuminate\Container\BoundMethod::call(Object(Illuminate\Foundation\Application), Array, Array, NULL)
#13 C:\xampp\htdocs\Attendize-master\vendor\laravel\framework\src\Illuminate\Bus\Dispatcher.php(94): Illuminate\Container\Container->call(Array)
#14 C:\xampp\htdocs\Attendize-master\vendor\laravel\framework\src\Illuminate\Pipeline\Pipeline.php(128): Illuminate\Bus\Dispatcher->Illuminate\Bus\{closure}(Object(App\Jobs\SendOrderNotification))
#15 C:\xampp\htdocs\Attendize-master\vendor\laravel\framework\src\Illuminate\Pipeline\Pipeline.php(104): Illuminate\Pipeline\Pipeline->Illuminate\Pipeline\{closure}(Object(App\Jobs\SendOrderNotification))
#16 C:\xampp\htdocs\Attendize-master\vendor\laravel\framework\src\Illuminate\Bus\Dispatcher.php(98): Illuminate\Pipeline\Pipeline->then(Object(Closure))
#17 C:\xampp\htdocs\Attendize-master\vendor\laravel\framework\src\Illuminate\Queue\CallQueuedHandler.php(49): Illuminate\Bus\Dispatcher->dispatchNow(Object(App\Jobs\SendOrderNotification), false)
#18 C:\xampp\htdocs\Attendize-master\vendor\laravel\framework\src\Illuminate\Queue\Jobs\Job.php(88): Illuminate\Queue\CallQueuedHandler->call(Object(Illuminate\Queue\Jobs\SyncJob), Array)
#19 C:\xampp\htdocs\Attendize-master\vendor\laravel\framework\src\Illuminate\Queue\SyncQueue.php(42): Illuminate\Queue\Jobs\Job->fire()
#20 C:\xampp\htdocs\Attendize-master\vendor\laravel\framework\src\Illuminate\Bus\Dispatcher.php(184): Illuminate\Queue\SyncQueue->push(Object(App\Jobs\SendOrderNotification))
#21 C:\xampp\htdocs\Attendize-master\vendor\laravel\framework\src\Illuminate\Bus\Dispatcher.php(160): Illuminate\Bus\Dispatcher->pushCommandToQueue(Object(Illuminate\Queue\SyncQueue), Object(App\Jobs\SendOrderNotification))
#22 C:\xampp\htdocs\Attendize-master\vendor\laravel\framework\src\Illuminate\Bus\Dispatcher.php(73): Illuminate\Bus\Dispatcher->dispatchToQueue(Object(App\Jobs\SendOrderNotification))
#23 C:\xampp\htdocs\Attendize-master\vendor\laravel\framework\src\Illuminate\Foundation\Bus\DispatchesJobs.php(17): Illuminate\Bus\Dispatcher->dispatch(Object(App\Jobs\SendOrderNotification))
#24 C:\xampp\htdocs\Attendize-master\app\Listeners\OrderCompletedListener.php(47): App\Listeners\OrderCompletedListener->dispatch(Object(App\Jobs\SendOrderNotification))
#25 [internal function]: App\Listeners\OrderCompletedListener->handle(Object(App\Events\OrderCompletedEvent))
#26 C:\xampp\htdocs\Attendize-master\vendor\laravel\framework\src\Illuminate\Events\CallQueuedListener.php(86): call_user_func_array(Array, Array)
#27 [internal function]: Illuminate\Events\CallQueuedListener->handle(Object(Illuminate\Foundation\Application))
#28 C:\xampp\htdocs\Attendize-master\vendor\laravel\framework\src\Illuminate\Container\BoundMethod.php(32): call_user_func_array(Array, Array)
#29 C:\xampp\htdocs\Attendize-master\vendor\laravel\framework\src\Illuminate\Container\BoundMethod.php(90): Illuminate\Container\BoundMethod::Illuminate\Container\{closure}()
#30 C:\xampp\htdocs\Attendize-master\vendor\laravel\framework\src\Illuminate\Container\BoundMethod.php(34): Illuminate\Container\BoundMethod::callBoundMethod(Object(Illuminate\Foundation\Application), Array, Object(Closure))
#31 C:\xampp\htdocs\Attendize-master\vendor\laravel\framework\src\Illuminate\Container\Container.php(576): Illuminate\Container\BoundMethod::call(Object(Illuminate\Foundation\Application), Array, Array, NULL)
#32 C:\xampp\htdocs\Attendize-master\vendor\laravel\framework\src\Illuminate\Bus\Dispatcher.php(94): Illuminate\Container\Container->call(Array)
#33 C:\xampp\htdocs\Attendize-master\vendor\laravel\framework\src\Illuminate\Pipeline\Pipeline.php(128): Illuminate\Bus\Dispatcher->Illuminate\Bus\{closure}(Object(Illuminate\Events\CallQueuedListener))
#34 C:\xampp\htdocs\Attendize-master\vendor\laravel\framework\src\Illuminate\Pipeline\Pipeline.php(104): Illuminate\Pipeline\Pipeline->Illuminate\Pipeline\{closure}(Object(Illuminate\Events\CallQueuedListener))
#35 C:\xampp\htdocs\Attendize-master\vendor\laravel\framework\src\Illuminate\Bus\Dispatcher.php(98): Illuminate\Pipeline\Pipeline->then(Object(Closure))
#36 C:\xampp\htdocs\Attendize-master\vendor\laravel\framework\src\Illuminate\Queue\CallQueuedHandler.php(49): Illuminate\Bus\Dispatcher->dispatchNow(Object(Illuminate\Events\CallQueuedListener), false)
#37 C:\xampp\htdocs\Attendize-master\vendor\laravel\framework\src\Illuminate\Queue\Jobs\Job.php(88): Illuminate\Queue\CallQueuedHandler->call(Object(Illuminate\Queue\Jobs\SyncJob), Array)
#38 C:\xampp\htdocs\Attendize-master\vendor\laravel\framework\src\Illuminate\Queue\SyncQueue.php(42): Illuminate\Queue\Jobs\Job->fire()
#39 C:\xampp\htdocs\Attendize-master\vendor\laravel\framework\src\Illuminate\Queue\Queue.php(44): Illuminate\Queue\SyncQueue->push(Object(Illuminate\Events\CallQueuedListener), '', NULL)
#40 C:\xampp\htdocs\Attendize-master\vendor\laravel\framework\src\Illuminate\Events\Dispatcher.php(472): Illuminate\Queue\Queue->pushOn(NULL, Object(Illuminate\Events\CallQueuedListener))
#41 C:\xampp\htdocs\Attendize-master\vendor\laravel\framework\src\Illuminate\Events\Dispatcher.php(431): Illuminate\Events\Dispatcher->queueHandler('App\\Listeners\\O...', 'handle', Array)
#42 [internal function]: Illuminate\Events\Dispatcher->Illuminate\Events\{closure}(Object(App\Events\OrderCompletedEvent))
#43 C:\xampp\htdocs\Attendize-master\vendor\laravel\framework\src\Illuminate\Events\Dispatcher.php(366): call_user_func_array(Object(Closure), Array)
#44 C:\xampp\htdocs\Attendize-master\vendor\laravel\framework\src\Illuminate\Events\Dispatcher.php(196): Illuminate\Events\Dispatcher->Illuminate\Events\{closure}('App\\Events\\Orde...', Array)
#45 C:\xampp\htdocs\Attendize-master\vendor\laravel\framework\src\Illuminate\Foundation\helpers.php(482): Illuminate\Events\Dispatcher->dispatch('App\\Events\\Orde...')
#46 C:\xampp\htdocs\Attendize-master\app\Http\Controllers\EventCheckoutController.php(722): event(Object(App\Events\OrderCompletedEvent))
#47 C:\xampp\htdocs\Attendize-master\app\Http\Controllers\EventCheckoutController.php(403): App\Http\Controllers\EventCheckoutController->completeOrder('1')
#48 [internal function]: App\Http\Controllers\EventCheckoutController->postCreateOrder(Object(Illuminate\Http\Request), '1')
#49 C:\xampp\htdocs\Attendize-master\vendor\laravel\framework\src\Illuminate\Routing\Controller.php(54): call_user_func_array(Array, Array)
#50 C:\xampp\htdocs\Attendize-master\vendor\laravel\framework\src\Illuminate\Routing\ControllerDispatcher.php(45): Illuminate\Routing\Controller->callAction('postCreateOrder', Array)
#51 C:\xampp\htdocs\Attendize-master\vendor\laravel\framework\src\Illuminate\Routing\Route.php(219): Illuminate\Routing\ControllerDispatcher->dispatch(Object(Illuminate\Routing\Route), Object(App\Http\Controllers\EventCheckoutController), 'postCreateOrder')
#52 C:\xampp\htdocs\Attendize-master\vendor\laravel\framework\src\Illuminate\Routing\Route.php(176): Illuminate\Routing\Route->runController()
#53 C:\xampp\htdocs\Attendize-master\vendor\laravel\framework\src\Illuminate\Routing\Router.php(680): Illuminate\Routing\Route->run()
#54 C:\xampp\htdocs\Attendize-master\vendor\laravel\framework\src\Illuminate\Routing\Pipeline.php(30): Illuminate\Routing\Router->Illuminate\Routing\{closure}(Object(Illuminate\Http\Request))
#55 C:\xampp\htdocs\Attendize-master\vendor\mcamara\laravel-localization\src\Mcamara\LaravelLocalization\Middleware\LaravelLocalizationViewPath.php(33): Illuminate\Routing\Pipeline->Illuminate\Routing\{closure}(Object(Illuminate\Http\Request))
#56 C:\xampp\htdocs\Attendize-master\vendor\laravel\framework\src\Illuminate\Pipeline\Pipeline.php(163): Mcamara\LaravelLocalization\Middleware\LaravelLocalizationViewPath->handle(Object(Illuminate\Http\Request), Object(Closure))
#57 C:\xampp\htdocs\Attendize-master\vendor\laravel\framework\src\Illuminate\Routing\Pipeline.php(53): Illuminate\Pipeline\Pipeline->Illuminate\Pipeline\{closure}(Object(Illuminate\Http\Request))
#58 C:\xampp\htdocs\Attendize-master\vendor\mcamara\laravel-localization\src\Mcamara\LaravelLocalization\Middleware\LaravelLocalizationRedirectFilter.php(45): Illuminate\Routing\Pipeline->Illuminate\Routing\{closure}(Object(Illuminate\Http\Request))
#59 C:\xampp\htdocs\Attendize-master\vendor\laravel\framework\src\Illuminate\Pipeline\Pipeline.php(163): Mcamara\LaravelLocalization\Middleware\LaravelLocalizationRedirectFilter->handle(Object(Illuminate\Http\Request), Object(Closure))
#60 C:\xampp\htdocs\Attendize-master\vendor\laravel\framework\src\Illuminate\Routing\Pipeline.php(53): Illuminate\Pipeline\Pipeline->Illuminate\Pipeline\{closure}(Object(Illuminate\Http\Request))
#61 C:\xampp\htdocs\Attendize-master\vendor\mcamara\laravel-localization\src\Mcamara\LaravelLocalization\Middleware\LocaleSessionRedirect.php(56): Illuminate\Routing\Pipeline->Illuminate\Routing\{closure}(Object(Illuminate\Http\Request))
#62 C:\xampp\htdocs\Attendize-master\vendor\laravel\framework\src\Illuminate\Pipeline\Pipeline.php(163): Mcamara\LaravelLocalization\Middleware\LocaleSessionRedirect->handle(Object(Illuminate\Http\Request), Object(Closure))
#63 C:\xampp\htdocs\Attendize-master\vendor\laravel\framework\src\Illuminate\Routing\Pipeline.php(53): Illuminate\Pipeline\Pipeline->Illuminate\Pipeline\{closure}(Object(Illuminate\Http\Request))
#64 C:\xampp\htdocs\Attendize-master\vendor\laravel\framework\src\Illuminate\Pipeline\Pipeline.php(104): Illuminate\Routing\Pipeline->Illuminate\Routing\{closure}(Object(Illuminate\Http\Request))
#65 C:\xampp\htdocs\Attendize-master\vendor\laravel\framework\src\Illuminate\Routing\Router.php(682): Illuminate\Pipeline\Pipeline->then(Object(Closure))
#66 C:\xampp\htdocs\Attendize-master\vendor\laravel\framework\src\Illuminate\Routing\Router.php(657): Illuminate\Routing\Router->runRouteWithinStack(Object(Illuminate\Routing\Route), Object(Illuminate\Http\Request))
#67 C:\xampp\htdocs\Attendize-master\vendor\laravel\framework\src\Illuminate\Routing\Router.php(623): Illuminate\Routing\Router->runRoute(Object(Illuminate\Http\Request), Object(Illuminate\Routing\Route))
#68 C:\xampp\htdocs\Attendize-master\vendor\laravel\framework\src\Illuminate\Routing\Router.php(612): Illuminate\Routing\Router->dispatchToRoute(Object(Illuminate\Http\Request))
#69 C:\xampp\htdocs\Attendize-master\vendor\laravel\framework\src\Illuminate\Foundation\Http\Kernel.php(176): Illuminate\Routing\Router->dispatch(Object(Illuminate\Http\Request))
#70 C:\xampp\htdocs\Attendize-master\vendor\laravel\framework\src\Illuminate\Routing\Pipeline.php(30): Illuminate\Foundation\Http\Kernel->Illuminate\Foundation\Http\{closure}(Object(Illuminate\Http\Request))
#71 C:\xampp\htdocs\Attendize-master\app\Http\Middleware\GeneralChecks.php(25): Illuminate\Routing\Pipeline->Illuminate\Routing\{closure}(Object(Illuminate\Http\Request))
#72 C:\xampp\htdocs\Attendize-master\vendor\laravel\framework\src\Illuminate\Pipeline\Pipeline.php(163): app\Http\Middleware\GeneralChecks->handle(Object(Illuminate\Http\Request), Object(Closure))
#73 C:\xampp\htdocs\Attendize-master\vendor\laravel\framework\src\Illuminate\Routing\Pipeline.php(53): Illuminate\Pipeline\Pipeline->Illuminate\Pipeline\{closure}(Object(Illuminate\Http\Request))
#74 C:\xampp\htdocs\Attendize-master\vendor\laravel\framework\src\Illuminate\Foundation\Http\Middleware\VerifyCsrfToken.php(75): Illuminate\Routing\Pipeline->Illuminate\Routing\{closure}(Object(Illuminate\Http\Request))
#75 C:\xampp\htdocs\Attendize-master\app\Http\Middleware\VerifyCsrfToken.php(24): Illuminate\Foundation\Http\Middleware\VerifyCsrfToken->handle(Object(Illuminate\Http\Request), Object(Closure))
#76 C:\xampp\htdocs\Attendize-master\vendor\laravel\framework\src\Illuminate\Pipeline\Pipeline.php(163): App\Http\Middleware\VerifyCsrfToken->handle(Object(Illuminate\Http\Request), Object(Closure))
#77 C:\xampp\htdocs\Attendize-master\vendor\laravel\framework\src\Illuminate\Routing\Pipeline.php(53): Illuminate\Pipeline\Pipeline->Illuminate\Pipeline\{closure}(Object(Illuminate\Http\Request))
#78 C:\xampp\htdocs\Attendize-master\vendor\laravel\framework\src\Illuminate\View\Middleware\ShareErrorsFromSession.php(49): Illuminate\Routing\Pipeline->Illuminate\Routing\{closure}(Object(Illuminate\Http\Request))
#79 C:\xampp\htdocs\Attendize-master\vendor\laravel\framework\src\Illuminate\Pipeline\Pipeline.php(163): Illuminate\View\Middleware\ShareErrorsFromSession->handle(Object(Illuminate\Http\Request), Object(Closure))
#80 C:\xampp\htdocs\Attendize-master\vendor\laravel\framework\src\Illuminate\Routing\Pipeline.php(53): Illuminate\Pipeline\Pipeline->Illuminate\Pipeline\{closure}(Object(Illuminate\Http\Request))
#81 C:\xampp\htdocs\Attendize-master\vendor\laravel\framework\src\Illuminate\Session\Middleware\StartSession.php(56): Illuminate\Routing\Pipeline->Illuminate\Routing\{closure}(Object(Illuminate\Http\Request))
#82 C:\xampp\htdocs\Attendize-master\vendor\laravel\framework\src\Illuminate\Pipeline\Pipeline.php(163): Illuminate\Session\Middleware\StartSession->handle(Object(Illuminate\Http\Request), Object(Closure))
#83 C:\xampp\htdocs\Attendize-master\vendor\laravel\framework\src\Illuminate\Routing\Pipeline.php(53): Illuminate\Pipeline\Pipeline->Illuminate\Pipeline\{closure}(Object(Illuminate\Http\Request))
#84 C:\xampp\htdocs\Attendize-master\vendor\laravel\framework\src\Illuminate\Cookie\Middleware\AddQueuedCookiesToResponse.php(37): Illuminate\Routing\Pipeline->Illuminate\Routing\{closure}(Object(Illuminate\Http\Request))
#85 C:\xampp\htdocs\Attendize-master\vendor\laravel\framework\src\Illuminate\Pipeline\Pipeline.php(163): Illuminate\Cookie\Middleware\AddQueuedCookiesToResponse->handle(Object(Illuminate\Http\Request), Object(Closure))
#86 C:\xampp\htdocs\Attendize-master\vendor\laravel\framework\src\Illuminate\Routing\Pipeline.php(53): Illuminate\Pipeline\Pipeline->Illuminate\Pipeline\{closure}(Object(Illuminate\Http\Request))
#87 C:\xampp\htdocs\Attendize-master\vendor\laravel\framework\src\Illuminate\Cookie\Middleware\EncryptCookies.php(66): Illuminate\Routing\Pipeline->Illuminate\Routing\{closure}(Object(Illuminate\Http\Request))
#88 C:\xampp\htdocs\Attendize-master\vendor\laravel\framework\src\Illuminate\Pipeline\Pipeline.php(163): Illuminate\Cookie\Middleware\EncryptCookies->handle(Object(Illuminate\Http\Request), Object(Closure))
#89 C:\xampp\htdocs\Attendize-master\vendor\laravel\framework\src\Illuminate\Routing\Pipeline.php(53): Illuminate\Pipeline\Pipeline->Illuminate\Pipeline\{closure}(Object(Illuminate\Http\Request))
#90 C:\xampp\htdocs\Attendize-master\vendor\laravel\framework\src\Illuminate\Foundation\Http\Middleware\CheckForMaintenanceMode.php(62): Illuminate\Routing\Pipeline->Illuminate\Routing\{closure}(Object(Illuminate\Http\Request))
#91 C:\xampp\htdocs\Attendize-master\vendor\laravel\framework\src\Illuminate\Pipeline\Pipeline.php(163): Illuminate\Foundation\Http\Middleware\CheckForMaintenanceMode->handle(Object(Illuminate\Http\Request), Object(Closure))
#92 C:\xampp\htdocs\Attendize-master\vendor\laravel\framework\src\Illuminate\Routing\Pipeline.php(53): Illuminate\Pipeline\Pipeline->Illuminate\Pipeline\{closure}(Object(Illuminate\Http\Request))
#93 C:\xampp\htdocs\Attendize-master\vendor\laravel\framework\src\Illuminate\Pipeline\Pipeline.php(104): Illuminate\Routing\Pipeline->Illuminate\Routing\{closure}(Object(Illuminate\Http\Request))
#94 C:\xampp\htdocs\Attendize-master\vendor\laravel\framework\src\Illuminate\Foundation\Http\Kernel.php(151): Illuminate\Pipeline\Pipeline->then(Object(Closure))
#95 C:\xampp\htdocs\Attendize-master\vendor\laravel\framework\src\Illuminate\Foundation\Http\Kernel.php(116): Illuminate\Foundation\Http\Kernel->sendRequestThroughRouter(Object(Illuminate\Http\Request))
#96 C:\xampp\htdocs\Attendize-master\public\index.php(51): Illuminate\Foundation\Http\Kernel->handle(Object(Illuminate\Http\Request))
#97 {main}  
[2019-10-12 02:29:04] production.ERROR: Path must be absolute ("/tmp/") {"exception":"[object] (Exception(code: 0): Path must be absolute (\"/tmp/\") at C:\\xampp\\htdocs\\Attendize-master\\vendor\
itmedia\\wkhtml2pdf\\src\\Nitmedia\\Wkhtml2pdf\\Wkhtml2pdf.php:759)
[stacktrace]
#0 C:\\xampp\\htdocs\\Attendize-master\\vendor\
itmedia\\wkhtml2pdf\\src\\Nitmedia\\Wkhtml2pdf\\Wkhtml2pdf.php(739): Nitmedia\\Wkhtml2pdf\\Wkhtml2pdf->_makeFilename()
#1 C:\\xampp\\htdocs\\Attendize-master\\vendor\
itmedia\\wkhtml2pdf\\src\\Nitmedia\\Wkhtml2pdf\\Wkhtml2pdf.php(854): Nitmedia\\Wkhtml2pdf\\Wkhtml2pdf->_createFile('<html>\
    <!--...')
#2 C:\\xampp\\htdocs\\Attendize-master\\vendor\
itmedia\\wkhtml2pdf\\src\\Nitmedia\\Wkhtml2pdf\\Wkhtml2pdf.php(1031): Nitmedia\\Wkhtml2pdf\\Wkhtml2pdf->_render()
#3 C:\\xampp\\htdocs\\Attendize-master\\vendor\
itmedia\\wkhtml2pdf\\src\\Nitmedia\\Wkhtml2pdf\\Wkhtml2pdf.php(243): Nitmedia\\Wkhtml2pdf\\Wkhtml2pdf->output('I', 'Tickets.pdf')
#4 C:\\xampp\\htdocs\\Attendize-master\\vendor\\laravel\\framework\\src\\Illuminate\\Support\\Facades\\Facade.php(239): Nitmedia\\Wkhtml2pdf\\Wkhtml2pdf->html('Public.ViewEven...', Array, 'Tickets')
#5 C:\\xampp\\htdocs\\Attendize-master\\app\\Http\\Controllers\\EventCheckoutController.php(807): Illuminate\\Support\\Facades\\Facade::__callStatic('html', Array)
#6 [internal function]: App\\Http\\Controllers\\EventCheckoutController->showOrderTickets(Object(Illuminate\\Http\\Request), 'T0Ww11210')
#7 C:\\xampp\\htdocs\\Attendize-master\\vendor\\laravel\\framework\\src\\Illuminate\\Routing\\Controller.php(54): call_user_func_array(Array, Array)
#8 C:\\xampp\\htdocs\\Attendize-master\\vendor\\laravel\\framework\\src\\Illuminate\\Routing\\ControllerDispatcher.php(45): Illuminate\\Routing\\Controller->callAction('showOrderTicket...', Array)
#9 C:\\xampp\\htdocs\\Attendize-master\\vendor\\laravel\\framework\\src\\Illuminate\\Routing\\Route.php(219): Illuminate\\Routing\\ControllerDispatcher->dispatch(Object(Illuminate\\Routing\\Route), Object(App\\Http\\Controllers\\EventCheckoutController), 'showOrderTicket...')
#10 C:\\xampp\\htdocs\\Attendize-master\\vendor\\laravel\\framework\\src\\Illuminate\\Routing\\Route.php(176): Illuminate\\Routing\\Route->runController()
#11 C:\\xampp\\htdocs\\Attendize-master\\vendor\\laravel\\framework\\src\\Illuminate\\Routing\\Router.php(680): Illuminate\\Routing\\Route->run()
#12 C:\\xampp\\htdocs\\Attendize-master\\vendor\\laravel\\framework\\src\\Illuminate\\Routing\\Pipeline.php(30): Illuminate\\Routing\\Router->Illuminate\\Routing\\{closure}(Object(Illuminate\\Http\\Request))
#13 C:\\xampp\\htdocs\\Attendize-master\\vendor\\mcamara\\laravel-localization\\src\\Mcamara\\LaravelLocalization\\Middleware\\LaravelLocalizationViewPath.php(33): Illuminate\\Routing\\Pipeline->Illuminate\\Routing\\{closure}(Object(Illuminate\\Http\\Request))
#14 C:\\xampp\\htdocs\\Attendize-master\\vendor\\laravel\\framework\\src\\Illuminate\\Pipeline\\Pipeline.php(163): Mcamara\\LaravelLocalization\\Middleware\\LaravelLocalizationViewPath->handle(Object(Illuminate\\Http\\Request), Object(Closure))
#15 C:\\xampp\\htdocs\\Attendize-master\\vendor\\laravel\\framework\\src\\Illuminate\\Routing\\Pipeline.php(53): Illuminate\\Pipeline\\Pipeline->Illuminate\\Pipeline\\{closure}(Object(Illuminate\\Http\\Request))
#16 C:\\xampp\\htdocs\\Attendize-master\\vendor\\mcamara\\laravel-localization\\src\\Mcamara\\LaravelLocalization\\Middleware\\LaravelLocalizationRedirectFilter.php(45): Illuminate\\Routing\\Pipeline->Illuminate\\Routing\\{closure}(Object(Illuminate\\Http\\Request))
#17 C:\\xampp\\htdocs\\Attendize-master\\vendor\\laravel\\framework\\src\\Illuminate\\Pipeline\\Pipeline.php(163): Mcamara\\LaravelLocalization\\Middleware\\LaravelLocalizationRedirectFilter->handle(Object(Illuminate\\Http\\Request), Object(Closure))
#18 C:\\xampp\\htdocs\\Attendize-master\\vendor\\laravel\\framework\\src\\Illuminate\\Routing\\Pipeline.php(53): Illuminate\\Pipeline\\Pipeline->Illuminate\\Pipeline\\{closure}(Object(Illuminate\\Http\\Request))
#19 C:\\xampp\\htdocs\\Attendize-master\\vendor\\mcamara\\laravel-localization\\src\\Mcamara\\LaravelLocalization\\Middleware\\LocaleSessionRedirect.php(56): Illuminate\\Routing\\Pipeline->Illuminate\\Routing\\{closure}(Object(Illuminate\\Http\\Request))
#20 C:\\xampp\\htdocs\\Attendize-master\\vendor\\laravel\\framework\\src\\Illuminate\\Pipeline\\Pipeline.php(163): Mcamara\\LaravelLocalization\\Middleware\\LocaleSessionRedirect->handle(Object(Illuminate\\Http\\Request), Object(Closure))
#21 C:\\xampp\\htdocs\\Attendize-master\\vendor\\laravel\\framework\\src\\Illuminate\\Routing\\Pipeline.php(53): Illuminate\\Pipeline\\Pipeline->Illuminate\\Pipeline\\{closure}(Object(Illuminate\\Http\\Request))
#22 C:\\xampp\\htdocs\\Attendize-master\\vendor\\laravel\\framework\\src\\Illuminate\\Pipeline\\Pipeline.php(104): Illuminate\\Routing\\Pipeline->Illuminate\\Routing\\{closure}(Object(Illuminate\\Http\\Request))
#23 C:\\xampp\\htdocs\\Attendize-master\\vendor\\laravel\\framework\\src\\Illuminate\\Routing\\Router.php(682): Illuminate\\Pipeline\\Pipeline->then(Object(Closure))
#24 C:\\xampp\\htdocs\\Attendize-master\\vendor\\laravel\\framework\\src\\Illuminate\\Routing\\Router.php(657): Illuminate\\Routing\\Router->runRouteWithinStack(Object(Illuminate\\Routing\\Route), Object(Illuminate\\Http\\Request))
#25 C:\\xampp\\htdocs\\Attendize-master\\vendor\\laravel\\framework\\src\\Illuminate\\Routing\\Router.php(623): Illuminate\\Routing\\Router->runRoute(Object(Illuminate\\Http\\Request), Object(Illuminate\\Routing\\Route))
#26 C:\\xampp\\htdocs\\Attendize-master\\vendor\\laravel\\framework\\src\\Illuminate\\Routing\\Router.php(612): Illuminate\\Routing\\Router->dispatchToRoute(Object(Illuminate\\Http\\Request))
#27 C:\\xampp\\htdocs\\Attendize-master\\vendor\\laravel\\framework\\src\\Illuminate\\Foundation\\Http\\Kernel.php(176): Illuminate\\Routing\\Router->dispatch(Object(Illuminate\\Http\\Request))
#28 C:\\xampp\\htdocs\\Attendize-master\\vendor\\laravel\\framework\\src\\Illuminate\\Routing\\Pipeline.php(30): Illuminate\\Foundation\\Http\\Kernel->Illuminate\\Foundation\\Http\\{closure}(Object(Illuminate\\Http\\Request))
#29 C:\\xampp\\htdocs\\Attendize-master\\app\\Http\\Middleware\\GeneralChecks.php(25): Illuminate\\Routing\\Pipeline->Illuminate\\Routing\\{closure}(Object(Illuminate\\Http\\Request))
#30 C:\\xampp\\htdocs\\Attendize-master\\vendor\\laravel\\framework\\src\\Illuminate\\Pipeline\\Pipeline.php(163): app\\Http\\Middleware\\GeneralChecks->handle(Object(Illuminate\\Http\\Request), Object(Closure))
#31 C:\\xampp\\htdocs\\Attendize-master\\vendor\\laravel\\framework\\src\\Illuminate\\Routing\\Pipeline.php(53): Illuminate\\Pipeline\\Pipeline->Illuminate\\Pipeline\\{closure}(Object(Illuminate\\Http\\Request))
#32 C:\\xampp\\htdocs\\Attendize-master\\vendor\\laravel\\framework\\src\\Illuminate\\Foundation\\Http\\Middleware\\VerifyCsrfToken.php(75): Illuminate\\Routing\\Pipeline->Illuminate\\Routing\\{closure}(Object(Illuminate\\Http\\Request))
#33 C:\\xampp\\htdocs\\Attendize-master\\app\\Http\\Middleware\\VerifyCsrfToken.php(24): Illuminate\\Foundation\\Http\\Middleware\\VerifyCsrfToken->handle(Object(Illuminate\\Http\\Request), Object(Closure))
#34 C:\\xampp\\htdocs\\Attendize-master\\vendor\\laravel\\framework\\src\\Illuminate\\Pipeline\\Pipeline.php(163): App\\Http\\Middleware\\VerifyCsrfToken->handle(Object(Illuminate\\Http\\Request), Object(Closure))
#35 C:\\xampp\\htdocs\\Attendize-master\\vendor\\laravel\\framework\\src\\Illuminate\\Routing\\Pipeline.php(53): Illuminate\\Pipeline\\Pipeline->Illuminate\\Pipeline\\{closure}(Object(Illuminate\\Http\\Request))
#36 C:\\xampp\\htdocs\\Attendize-master\\vendor\\laravel\\framework\\src\\Illuminate\\View\\Middleware\\ShareErrorsFromSession.php(49): Illuminate\\Routing\\Pipeline->Illuminate\\Routing\\{closure}(Object(Illuminate\\Http\\Request))
#37 C:\\xampp\\htdocs\\Attendize-master\\vendor\\laravel\\framework\\src\\Illuminate\\Pipeline\\Pipeline.php(163): Illuminate\\View\\Middleware\\ShareErrorsFromSession->handle(Object(Illuminate\\Http\\Request), Object(Closure))
#38 C:\\xampp\\htdocs\\Attendize-master\\vendor\\laravel\\framework\\src\\Illuminate\\Routing\\Pipeline.php(53): Illuminate\\Pipeline\\Pipeline->Illuminate\\Pipeline\\{closure}(Object(Illuminate\\Http\\Request))
#39 C:\\xampp\\htdocs\\Attendize-master\\vendor\\laravel\\framework\\src\\Illuminate\\Session\\Middleware\\StartSession.php(56): Illuminate\\Routing\\Pipeline->Illuminate\\Routing\\{closure}(Object(Illuminate\\Http\\Request))
#40 C:\\xampp\\htdocs\\Attendize-master\\vendor\\laravel\\framework\\src\\Illuminate\\Pipeline\\Pipeline.php(163): Illuminate\\Session\\Middleware\\StartSession->handle(Object(Illuminate\\Http\\Request), Object(Closure))
#41 C:\\xampp\\htdocs\\Attendize-master\\vendor\\laravel\\framework\\src\\Illuminate\\Routing\\Pipeline.php(53): Illuminate\\Pipeline\\Pipeline->Illuminate\\Pipeline\\{closure}(Object(Illuminate\\Http\\Request))
#42 C:\\xampp\\htdocs\\Attendize-master\\vendor\\laravel\\framework\\src\\Illuminate\\Cookie\\Middleware\\AddQueuedCookiesToResponse.php(37): Illuminate\\Routing\\Pipeline->Illuminate\\Routing\\{closure}(Object(Illuminate\\Http\\Request))
#43 C:\\xampp\\htdocs\\Attendize-master\\vendor\\laravel\\framework\\src\\Illuminate\\Pipeline\\Pipeline.php(163): Illuminate\\Cookie\\Middleware\\AddQueuedCookiesToResponse->handle(Object(Illuminate\\Http\\Request), Object(Closure))
#44 C:\\xampp\\htdocs\\Attendize-master\\vendor\\laravel\\framework\\src\\Illuminate\\Routing\\Pipeline.php(53): Illuminate\\Pipeline\\Pipeline->Illuminate\\Pipeline\\{closure}(Object(Illuminate\\Http\\Request))
#45 C:\\xampp\\htdocs\\Attendize-master\\vendor\\laravel\\framework\\src\\Illuminate\\Cookie\\Middleware\\EncryptCookies.php(66): Illuminate\\Routing\\Pipeline->Illuminate\\Routing\\{closure}(Object(Illuminate\\Http\\Request))
#46 C:\\xampp\\htdocs\\Attendize-master\\vendor\\laravel\\framework\\src\\Illuminate\\Pipeline\\Pipeline.php(163): Illuminate\\Cookie\\Middleware\\EncryptCookies->handle(Object(Illuminate\\Http\\Request), Object(Closure))
#47 C:\\xampp\\htdocs\\Attendize-master\\vendor\\laravel\\framework\\src\\Illuminate\\Routing\\Pipeline.php(53): Illuminate\\Pipeline\\Pipeline->Illuminate\\Pipeline\\{closure}(Object(Illuminate\\Http\\Request))
#48 C:\\xampp\\htdocs\\Attendize-master\\vendor\\laravel\\framework\\src\\Illuminate\\Foundation\\Http\\Middleware\\CheckForMaintenanceMode.php(62): Illuminate\\Routing\\Pipeline->Illuminate\\Routing\\{closure}(Object(Illuminate\\Http\\Request))
#49 C:\\xampp\\htdocs\\Attendize-master\\vendor\\laravel\\framework\\src\\Illuminate\\Pipeline\\Pipeline.php(163): Illuminate\\Foundation\\Http\\Middleware\\CheckForMaintenanceMode->handle(Object(Illuminate\\Http\\Request), Object(Closure))
#50 C:\\xampp\\htdocs\\Attendize-master\\vendor\\laravel\\framework\\src\\Illuminate\\Routing\\Pipeline.php(53): Illuminate\\Pipeline\\Pipeline->Illuminate\\Pipeline\\{closure}(Object(Illuminate\\Http\\Request))
#51 C:\\xampp\\htdocs\\Attendize-master\\vendor\\laravel\\framework\\src\\Illuminate\\Pipeline\\Pipeline.php(104): Illuminate\\Routing\\Pipeline->Illuminate\\Routing\\{closure}(Object(Illuminate\\Http\\Request))
#52 C:\\xampp\\htdocs\\Attendize-master\\vendor\\laravel\\framework\\src\\Illuminate\\Foundation\\Http\\Kernel.php(151): Illuminate\\Pipeline\\Pipeline->then(Object(Closure))
#53 C:\\xampp\\htdocs\\Attendize-master\\vendor\\laravel\\framework\\src\\Illuminate\\Foundation\\Http\\Kernel.php(116): Illuminate\\Foundation\\Http\\Kernel->sendRequestThroughRouter(Object(Illuminate\\Http\\Request))
#54 C:\\xampp\\htdocs\\Attendize-master\\public\\index.php(51): Illuminate\\Foundation\\Http\\Kernel->handle(Object(Illuminate\\Http\\Request))
#55 {main}
"} 
[2019-10-12 02:31:13] production.ERROR: Path must be absolute ("/tmp/") {"exception":"[object] (Exception(code: 0): Path must be absolute (\"/tmp/\") at C:\\xampp\\htdocs\\Attendize-master\\vendor\
itmedia\\wkhtml2pdf\\src\\Nitmedia\\Wkhtml2pdf\\Wkhtml2pdf.php:759)
[stacktrace]
#0 C:\\xampp\\htdocs\\Attendize-master\\vendor\
itmedia\\wkhtml2pdf\\src\\Nitmedia\\Wkhtml2pdf\\Wkhtml2pdf.php(739): Nitmedia\\Wkhtml2pdf\\Wkhtml2pdf->_makeFilename()
#1 C:\\xampp\\htdocs\\Attendize-master\\vendor\
itmedia\\wkhtml2pdf\\src\\Nitmedia\\Wkhtml2pdf\\Wkhtml2pdf.php(854): Nitmedia\\Wkhtml2pdf\\Wkhtml2pdf->_createFile('<html>\
    <!--...')
#2 C:\\xampp\\htdocs\\Attendize-master\\vendor\
itmedia\\wkhtml2pdf\\src\\Nitmedia\\Wkhtml2pdf\\Wkhtml2pdf.php(1031): Nitmedia\\Wkhtml2pdf\\Wkhtml2pdf->_render()
#3 C:\\xampp\\htdocs\\Attendize-master\\vendor\
itmedia\\wkhtml2pdf\\src\\Nitmedia\\Wkhtml2pdf\\Wkhtml2pdf.php(243): Nitmedia\\Wkhtml2pdf\\Wkhtml2pdf->output('I', 'Tickets.pdf')
#4 C:\\xampp\\htdocs\\Attendize-master\\vendor\\laravel\\framework\\src\\Illuminate\\Support\\Facades\\Facade.php(239): Nitmedia\\Wkhtml2pdf\\Wkhtml2pdf->html('Public.ViewEven...', Array, 'Tickets')
#5 C:\\xampp\\htdocs\\Attendize-master\\app\\Http\\Controllers\\EventCheckoutController.php(807): Illuminate\\Support\\Facades\\Facade::__callStatic('html', Array)
#6 [internal function]: App\\Http\\Controllers\\EventCheckoutController->showOrderTickets(Object(Illuminate\\Http\\Request), 'T0Ww11210')
#7 C:\\xampp\\htdocs\\Attendize-master\\vendor\\laravel\\framework\\src\\Illuminate\\Routing\\Controller.php(54): call_user_func_array(Array, Array)
#8 C:\\xampp\\htdocs\\Attendize-master\\vendor\\laravel\\framework\\src\\Illuminate\\Routing\\ControllerDispatcher.php(45): Illuminate\\Routing\\Controller->callAction('showOrderTicket...', Array)
#9 C:\\xampp\\htdocs\\Attendize-master\\vendor\\laravel\\framework\\src\\Illuminate\\Routing\\Route.php(219): Illuminate\\Routing\\ControllerDispatcher->dispatch(Object(Illuminate\\Routing\\Route), Object(App\\Http\\Controllers\\EventCheckoutController), 'showOrderTicket...')
#10 C:\\xampp\\htdocs\\Attendize-master\\vendor\\laravel\\framework\\src\\Illuminate\\Routing\\Route.php(176): Illuminate\\Routing\\Route->runController()
#11 C:\\xampp\\htdocs\\Attendize-master\\vendor\\laravel\\framework\\src\\Illuminate\\Routing\\Router.php(680): Illuminate\\Routing\\Route->run()
#12 C:\\xampp\\htdocs\\Attendize-master\\vendor\\laravel\\framework\\src\\Illuminate\\Routing\\Pipeline.php(30): Illuminate\\Routing\\Router->Illuminate\\Routing\\{closure}(Object(Illuminate\\Http\\Request))
#13 C:\\xampp\\htdocs\\Attendize-master\\vendor\\mcamara\\laravel-localization\\src\\Mcamara\\LaravelLocalization\\Middleware\\LaravelLocalizationViewPath.php(33): Illuminate\\Routing\\Pipeline->Illuminate\\Routing\\{closure}(Object(Illuminate\\Http\\Request))
#14 C:\\xampp\\htdocs\\Attendize-master\\vendor\\laravel\\framework\\src\\Illuminate\\Pipeline\\Pipeline.php(163): Mcamara\\LaravelLocalization\\Middleware\\LaravelLocalizationViewPath->handle(Object(Illuminate\\Http\\Request), Object(Closure))
#15 C:\\xampp\\htdocs\\Attendize-master\\vendor\\laravel\\framework\\src\\Illuminate\\Routing\\Pipeline.php(53): Illuminate\\Pipeline\\Pipeline->Illuminate\\Pipeline\\{closure}(Object(Illuminate\\Http\\Request))
#16 C:\\xampp\\htdocs\\Attendize-master\\vendor\\mcamara\\laravel-localization\\src\\Mcamara\\LaravelLocalization\\Middleware\\LaravelLocalizationRedirectFilter.php(45): Illuminate\\Routing\\Pipeline->Illuminate\\Routing\\{closure}(Object(Illuminate\\Http\\Request))
#17 C:\\xampp\\htdocs\\Attendize-master\\vendor\\laravel\\framework\\src\\Illuminate\\Pipeline\\Pipeline.php(163): Mcamara\\LaravelLocalization\\Middleware\\LaravelLocalizationRedirectFilter->handle(Object(Illuminate\\Http\\Request), Object(Closure))
#18 C:\\xampp\\htdocs\\Attendize-master\\vendor\\laravel\\framework\\src\\Illuminate\\Routing\\Pipeline.php(53): Illuminate\\Pipeline\\Pipeline->Illuminate\\Pipeline\\{closure}(Object(Illuminate\\Http\\Request))
#19 C:\\xampp\\htdocs\\Attendize-master\\vendor\\mcamara\\laravel-localization\\src\\Mcamara\\LaravelLocalization\\Middleware\\LocaleSessionRedirect.php(56): Illuminate\\Routing\\Pipeline->Illuminate\\Routing\\{closure}(Object(Illuminate\\Http\\Request))
#20 C:\\xampp\\htdocs\\Attendize-master\\vendor\\laravel\\framework\\src\\Illuminate\\Pipeline\\Pipeline.php(163): Mcamara\\LaravelLocalization\\Middleware\\LocaleSessionRedirect->handle(Object(Illuminate\\Http\\Request), Object(Closure))
#21 C:\\xampp\\htdocs\\Attendize-master\\vendor\\laravel\\framework\\src\\Illuminate\\Routing\\Pipeline.php(53): Illuminate\\Pipeline\\Pipeline->Illuminate\\Pipeline\\{closure}(Object(Illuminate\\Http\\Request))
#22 C:\\xampp\\htdocs\\Attendize-master\\vendor\\laravel\\framework\\src\\Illuminate\\Pipeline\\Pipeline.php(104): Illuminate\\Routing\\Pipeline->Illuminate\\Routing\\{closure}(Object(Illuminate\\Http\\Request))
#23 C:\\xampp\\htdocs\\Attendize-master\\vendor\\laravel\\framework\\src\\Illuminate\\Routing\\Router.php(682): Illuminate\\Pipeline\\Pipeline->then(Object(Closure))
#24 C:\\xampp\\htdocs\\Attendize-master\\vendor\\laravel\\framework\\src\\Illuminate\\Routing\\Router.php(657): Illuminate\\Routing\\Router->runRouteWithinStack(Object(Illuminate\\Routing\\Route), Object(Illuminate\\Http\\Request))
#25 C:\\xampp\\htdocs\\Attendize-master\\vendor\\laravel\\framework\\src\\Illuminate\\Routing\\Router.php(623): Illuminate\\Routing\\Router->runRoute(Object(Illuminate\\Http\\Request), Object(Illuminate\\Routing\\Route))
#26 C:\\xampp\\htdocs\\Attendize-master\\vendor\\laravel\\framework\\src\\Illuminate\\Routing\\Router.php(612): Illuminate\\Routing\\Router->dispatchToRoute(Object(Illuminate\\Http\\Request))
#27 C:\\xampp\\htdocs\\Attendize-master\\vendor\\laravel\\framework\\src\\Illuminate\\Foundation\\Http\\Kernel.php(176): Illuminate\\Routing\\Router->dispatch(Object(Illuminate\\Http\\Request))
#28 C:\\xampp\\htdocs\\Attendize-master\\vendor\\laravel\\framework\\src\\Illuminate\\Routing\\Pipeline.php(30): Illuminate\\Foundation\\Http\\Kernel->Illuminate\\Foundation\\Http\\{closure}(Object(Illuminate\\Http\\Request))
#29 C:\\xampp\\htdocs\\Attendize-master\\app\\Http\\Middleware\\GeneralChecks.php(25): Illuminate\\Routing\\Pipeline->Illuminate\\Routing\\{closure}(Object(Illuminate\\Http\\Request))
#30 C:\\xampp\\htdocs\\Attendize-master\\vendor\\laravel\\framework\\src\\Illuminate\\Pipeline\\Pipeline.php(163): app\\Http\\Middleware\\GeneralChecks->handle(Object(Illuminate\\Http\\Request), Object(Closure))
#31 C:\\xampp\\htdocs\\Attendize-master\\vendor\\laravel\\framework\\src\\Illuminate\\Routing\\Pipeline.php(53): Illuminate\\Pipeline\\Pipeline->Illuminate\\Pipeline\\{closure}(Object(Illuminate\\Http\\Request))
#32 C:\\xampp\\htdocs\\Attendize-master\\vendor\\laravel\\framework\\src\\Illuminate\\Foundation\\Http\\Middleware\\VerifyCsrfToken.php(75): Illuminate\\Routing\\Pipeline->Illuminate\\Routing\\{closure}(Object(Illuminate\\Http\\Request))
#33 C:\\xampp\\htdocs\\Attendize-master\\app\\Http\\Middleware\\VerifyCsrfToken.php(24): Illuminate\\Foundation\\Http\\Middleware\\VerifyCsrfToken->handle(Object(Illuminate\\Http\\Request), Object(Closure))
#34 C:\\xampp\\htdocs\\Attendize-master\\vendor\\laravel\\framework\\src\\Illuminate\\Pipeline\\Pipeline.php(163): App\\Http\\Middleware\\VerifyCsrfToken->handle(Object(Illuminate\\Http\\Request), Object(Closure))
#35 C:\\xampp\\htdocs\\Attendize-master\\vendor\\laravel\\framework\\src\\Illuminate\\Routing\\Pipeline.php(53): Illuminate\\Pipeline\\Pipeline->Illuminate\\Pipeline\\{closure}(Object(Illuminate\\Http\\Request))
#36 C:\\xampp\\htdocs\\Attendize-master\\vendor\\laravel\\framework\\src\\Illuminate\\View\\Middleware\\ShareErrorsFromSession.php(49): Illuminate\\Routing\\Pipeline->Illuminate\\Routing\\{closure}(Object(Illuminate\\Http\\Request))
#37 C:\\xampp\\htdocs\\Attendize-master\\vendor\\laravel\\framework\\src\\Illuminate\\Pipeline\\Pipeline.php(163): Illuminate\\View\\Middleware\\ShareErrorsFromSession->handle(Object(Illuminate\\Http\\Request), Object(Closure))
#38 C:\\xampp\\htdocs\\Attendize-master\\vendor\\laravel\\framework\\src\\Illuminate\\Routing\\Pipeline.php(53): Illuminate\\Pipeline\\Pipeline->Illuminate\\Pipeline\\{closure}(Object(Illuminate\\Http\\Request))
#39 C:\\xampp\\htdocs\\Attendize-master\\vendor\\laravel\\framework\\src\\Illuminate\\Session\\Middleware\\StartSession.php(56): Illuminate\\Routing\\Pipeline->Illuminate\\Routing\\{closure}(Object(Illuminate\\Http\\Request))
#40 C:\\xampp\\htdocs\\Attendize-master\\vendor\\laravel\\framework\\src\\Illuminate\\Pipeline\\Pipeline.php(163): Illuminate\\Session\\Middleware\\StartSession->handle(Object(Illuminate\\Http\\Request), Object(Closure))
#41 C:\\xampp\\htdocs\\Attendize-master\\vendor\\laravel\\framework\\src\\Illuminate\\Routing\\Pipeline.php(53): Illuminate\\Pipeline\\Pipeline->Illuminate\\Pipeline\\{closure}(Object(Illuminate\\Http\\Request))
#42 C:\\xampp\\htdocs\\Attendize-master\\vendor\\laravel\\framework\\src\\Illuminate\\Cookie\\Middleware\\AddQueuedCookiesToResponse.php(37): Illuminate\\Routing\\Pipeline->Illuminate\\Routing\\{closure}(Object(Illuminate\\Http\\Request))
#43 C:\\xampp\\htdocs\\Attendize-master\\vendor\\laravel\\framework\\src\\Illuminate\\Pipeline\\Pipeline.php(163): Illuminate\\Cookie\\Middleware\\AddQueuedCookiesToResponse->handle(Object(Illuminate\\Http\\Request), Object(Closure))
#44 C:\\xampp\\htdocs\\Attendize-master\\vendor\\laravel\\framework\\src\\Illuminate\\Routing\\Pipeline.php(53): Illuminate\\Pipeline\\Pipeline->Illuminate\\Pipeline\\{closure}(Object(Illuminate\\Http\\Request))
#45 C:\\xampp\\htdocs\\Attendize-master\\vendor\\laravel\\framework\\src\\Illuminate\\Cookie\\Middleware\\EncryptCookies.php(66): Illuminate\\Routing\\Pipeline->Illuminate\\Routing\\{closure}(Object(Illuminate\\Http\\Request))
#46 C:\\xampp\\htdocs\\Attendize-master\\vendor\\laravel\\framework\\src\\Illuminate\\Pipeline\\Pipeline.php(163): Illuminate\\Cookie\\Middleware\\EncryptCookies->handle(Object(Illuminate\\Http\\Request), Object(Closure))
#47 C:\\xampp\\htdocs\\Attendize-master\\vendor\\laravel\\framework\\src\\Illuminate\\Routing\\Pipeline.php(53): Illuminate\\Pipeline\\Pipeline->Illuminate\\Pipeline\\{closure}(Object(Illuminate\\Http\\Request))
#48 C:\\xampp\\htdocs\\Attendize-master\\vendor\\laravel\\framework\\src\\Illuminate\\Foundation\\Http\\Middleware\\CheckForMaintenanceMode.php(62): Illuminate\\Routing\\Pipeline->Illuminate\\Routing\\{closure}(Object(Illuminate\\Http\\Request))
#49 C:\\xampp\\htdocs\\Attendize-master\\vendor\\laravel\\framework\\src\\Illuminate\\Pipeline\\Pipeline.php(163): Illuminate\\Foundation\\Http\\Middleware\\CheckForMaintenanceMode->handle(Object(Illuminate\\Http\\Request), Object(Closure))
#50 C:\\xampp\\htdocs\\Attendize-master\\vendor\\laravel\\framework\\src\\Illuminate\\Routing\\Pipeline.php(53): Illuminate\\Pipeline\\Pipeline->Illuminate\\Pipeline\\{closure}(Object(Illuminate\\Http\\Request))
#51 C:\\xampp\\htdocs\\Attendize-master\\vendor\\laravel\\framework\\src\\Illuminate\\Pipeline\\Pipeline.php(104): Illuminate\\Routing\\Pipeline->Illuminate\\Routing\\{closure}(Object(Illuminate\\Http\\Request))
#52 C:\\xampp\\htdocs\\Attendize-master\\vendor\\laravel\\framework\\src\\Illuminate\\Foundation\\Http\\Kernel.php(151): Illuminate\\Pipeline\\Pipeline->then(Object(Closure))
#53 C:\\xampp\\htdocs\\Attendize-master\\vendor\\laravel\\framework\\src\\Illuminate\\Foundation\\Http\\Kernel.php(116): Illuminate\\Foundation\\Http\\Kernel->sendRequestThroughRouter(Object(Illuminate\\Http\\Request))
#54 C:\\xampp\\htdocs\\Attendize-master\\public\\index.php(51): Illuminate\\Foundation\\Http\\Kernel->handle(Object(Illuminate\\Http\\Request))
#55 {main}
"} 
[2019-10-12 02:31:27] production.ERROR: Path must be absolute ("/tmp/") {"exception":"[object] (Exception(code: 0): Path must be absolute (\"/tmp/\") at C:\\xampp\\htdocs\\Attendize-master\\vendor\
itmedia\\wkhtml2pdf\\src\\Nitmedia\\Wkhtml2pdf\\Wkhtml2pdf.php:759)
[stacktrace]
#0 C:\\xampp\\htdocs\\Attendize-master\\vendor\
itmedia\\wkhtml2pdf\\src\\Nitmedia\\Wkhtml2pdf\\Wkhtml2pdf.php(739): Nitmedia\\Wkhtml2pdf\\Wkhtml2pdf->_makeFilename()
#1 C:\\xampp\\htdocs\\Attendize-master\\vendor\
itmedia\\wkhtml2pdf\\src\\Nitmedia\\Wkhtml2pdf\\Wkhtml2pdf.php(854): Nitmedia\\Wkhtml2pdf\\Wkhtml2pdf->_createFile('<html>\
    <!--...')
#2 C:\\xampp\\htdocs\\Attendize-master\\vendor\
itmedia\\wkhtml2pdf\\src\\Nitmedia\\Wkhtml2pdf\\Wkhtml2pdf.php(1031): Nitmedia\\Wkhtml2pdf\\Wkhtml2pdf->_render()
#3 C:\\xampp\\htdocs\\Attendize-master\\vendor\
itmedia\\wkhtml2pdf\\src\\Nitmedia\\Wkhtml2pdf\\Wkhtml2pdf.php(243): Nitmedia\\Wkhtml2pdf\\Wkhtml2pdf->output('I', 'Tickets.pdf')
#4 C:\\xampp\\htdocs\\Attendize-master\\vendor\\laravel\\framework\\src\\Illuminate\\Support\\Facades\\Facade.php(239): Nitmedia\\Wkhtml2pdf\\Wkhtml2pdf->html('Public.ViewEven...', Array, 'Tickets')
#5 C:\\xampp\\htdocs\\Attendize-master\\app\\Http\\Controllers\\EventCheckoutController.php(807): Illuminate\\Support\\Facades\\Facade::__callStatic('html', Array)
#6 [internal function]: App\\Http\\Controllers\\EventCheckoutController->showOrderTickets(Object(Illuminate\\Http\\Request), 'T0Ww11210')
#7 C:\\xampp\\htdocs\\Attendize-master\\vendor\\laravel\\framework\\src\\Illuminate\\Routing\\Controller.php(54): call_user_func_array(Array, Array)
#8 C:\\xampp\\htdocs\\Attendize-master\\vendor\\laravel\\framework\\src\\Illuminate\\Routing\\ControllerDispatcher.php(45): Illuminate\\Routing\\Controller->callAction('showOrderTicket...', Array)
#9 C:\\xampp\\htdocs\\Attendize-master\\vendor\\laravel\\framework\\src\\Illuminate\\Routing\\Route.php(219): Illuminate\\Routing\\ControllerDispatcher->dispatch(Object(Illuminate\\Routing\\Route), Object(App\\Http\\Controllers\\EventCheckoutController), 'showOrderTicket...')
#10 C:\\xampp\\htdocs\\Attendize-master\\vendor\\laravel\\framework\\src\\Illuminate\\Routing\\Route.php(176): Illuminate\\Routing\\Route->runController()
#11 C:\\xampp\\htdocs\\Attendize-master\\vendor\\laravel\\framework\\src\\Illuminate\\Routing\\Router.php(680): Illuminate\\Routing\\Route->run()
#12 C:\\xampp\\htdocs\\Attendize-master\\vendor\\laravel\\framework\\src\\Illuminate\\Routing\\Pipeline.php(30): Illuminate\\Routing\\Router->Illuminate\\Routing\\{closure}(Object(Illuminate\\Http\\Request))
#13 C:\\xampp\\htdocs\\Attendize-master\\vendor\\mcamara\\laravel-localization\\src\\Mcamara\\LaravelLocalization\\Middleware\\LaravelLocalizationViewPath.php(33): Illuminate\\Routing\\Pipeline->Illuminate\\Routing\\{closure}(Object(Illuminate\\Http\\Request))
#14 C:\\xampp\\htdocs\\Attendize-master\\vendor\\laravel\\framework\\src\\Illuminate\\Pipeline\\Pipeline.php(163): Mcamara\\LaravelLocalization\\Middleware\\LaravelLocalizationViewPath->handle(Object(Illuminate\\Http\\Request), Object(Closure))
#15 C:\\xampp\\htdocs\\Attendize-master\\vendor\\laravel\\framework\\src\\Illuminate\\Routing\\Pipeline.php(53): Illuminate\\Pipeline\\Pipeline->Illuminate\\Pipeline\\{closure}(Object(Illuminate\\Http\\Request))
#16 C:\\xampp\\htdocs\\Attendize-master\\vendor\\mcamara\\laravel-localization\\src\\Mcamara\\LaravelLocalization\\Middleware\\LaravelLocalizationRedirectFilter.php(45): Illuminate\\Routing\\Pipeline->Illuminate\\Routing\\{closure}(Object(Illuminate\\Http\\Request))
#17 C:\\xampp\\htdocs\\Attendize-master\\vendor\\laravel\\framework\\src\\Illuminate\\Pipeline\\Pipeline.php(163): Mcamara\\LaravelLocalization\\Middleware\\LaravelLocalizationRedirectFilter->handle(Object(Illuminate\\Http\\Request), Object(Closure))
#18 C:\\xampp\\htdocs\\Attendize-master\\vendor\\laravel\\framework\\src\\Illuminate\\Routing\\Pipeline.php(53): Illuminate\\Pipeline\\Pipeline->Illuminate\\Pipeline\\{closure}(Object(Illuminate\\Http\\Request))
#19 C:\\xampp\\htdocs\\Attendize-master\\vendor\\mcamara\\laravel-localization\\src\\Mcamara\\LaravelLocalization\\Middleware\\LocaleSessionRedirect.php(56): Illuminate\\Routing\\Pipeline->Illuminate\\Routing\\{closure}(Object(Illuminate\\Http\\Request))
#20 C:\\xampp\\htdocs\\Attendize-master\\vendor\\laravel\\framework\\src\\Illuminate\\Pipeline\\Pipeline.php(163): Mcamara\\LaravelLocalization\\Middleware\\LocaleSessionRedirect->handle(Object(Illuminate\\Http\\Request), Object(Closure))
#21 C:\\xampp\\htdocs\\Attendize-master\\vendor\\laravel\\framework\\src\\Illuminate\\Routing\\Pipeline.php(53): Illuminate\\Pipeline\\Pipeline->Illuminate\\Pipeline\\{closure}(Object(Illuminate\\Http\\Request))
#22 C:\\xampp\\htdocs\\Attendize-master\\vendor\\laravel\\framework\\src\\Illuminate\\Pipeline\\Pipeline.php(104): Illuminate\\Routing\\Pipeline->Illuminate\\Routing\\{closure}(Object(Illuminate\\Http\\Request))
#23 C:\\xampp\\htdocs\\Attendize-master\\vendor\\laravel\\framework\\src\\Illuminate\\Routing\\Router.php(682): Illuminate\\Pipeline\\Pipeline->then(Object(Closure))
#24 C:\\xampp\\htdocs\\Attendize-master\\vendor\\laravel\\framework\\src\\Illuminate\\Routing\\Router.php(657): Illuminate\\Routing\\Router->runRouteWithinStack(Object(Illuminate\\Routing\\Route), Object(Illuminate\\Http\\Request))
#25 C:\\xampp\\htdocs\\Attendize-master\\vendor\\laravel\\framework\\src\\Illuminate\\Routing\\Router.php(623): Illuminate\\Routing\\Router->runRoute(Object(Illuminate\\Http\\Request), Object(Illuminate\\Routing\\Route))
#26 C:\\xampp\\htdocs\\Attendize-master\\vendor\\laravel\\framework\\src\\Illuminate\\Routing\\Router.php(612): Illuminate\\Routing\\Router->dispatchToRoute(Object(Illuminate\\Http\\Request))
#27 C:\\xampp\\htdocs\\Attendize-master\\vendor\\laravel\\framework\\src\\Illuminate\\Foundation\\Http\\Kernel.php(176): Illuminate\\Routing\\Router->dispatch(Object(Illuminate\\Http\\Request))
#28 C:\\xampp\\htdocs\\Attendize-master\\vendor\\laravel\\framework\\src\\Illuminate\\Routing\\Pipeline.php(30): Illuminate\\Foundation\\Http\\Kernel->Illuminate\\Foundation\\Http\\{closure}(Object(Illuminate\\Http\\Request))
#29 C:\\xampp\\htdocs\\Attendize-master\\app\\Http\\Middleware\\GeneralChecks.php(25): Illuminate\\Routing\\Pipeline->Illuminate\\Routing\\{closure}(Object(Illuminate\\Http\\Request))
#30 C:\\xampp\\htdocs\\Attendize-master\\vendor\\laravel\\framework\\src\\Illuminate\\Pipeline\\Pipeline.php(163): app\\Http\\Middleware\\GeneralChecks->handle(Object(Illuminate\\Http\\Request), Object(Closure))
#31 C:\\xampp\\htdocs\\Attendize-master\\vendor\\laravel\\framework\\src\\Illuminate\\Routing\\Pipeline.php(53): Illuminate\\Pipeline\\Pipeline->Illuminate\\Pipeline\\{closure}(Object(Illuminate\\Http\\Request))
#32 C:\\xampp\\htdocs\\Attendize-master\\vendor\\laravel\\framework\\src\\Illuminate\\Foundation\\Http\\Middleware\\VerifyCsrfToken.php(75): Illuminate\\Routing\\Pipeline->Illuminate\\Routing\\{closure}(Object(Illuminate\\Http\\Request))
#33 C:\\xampp\\htdocs\\Attendize-master\\app\\Http\\Middleware\\VerifyCsrfToken.php(24): Illuminate\\Foundation\\Http\\Middleware\\VerifyCsrfToken->handle(Object(Illuminate\\Http\\Request), Object(Closure))
#34 C:\\xampp\\htdocs\\Attendize-master\\vendor\\laravel\\framework\\src\\Illuminate\\Pipeline\\Pipeline.php(163): App\\Http\\Middleware\\VerifyCsrfToken->handle(Object(Illuminate\\Http\\Request), Object(Closure))
#35 C:\\xampp\\htdocs\\Attendize-master\\vendor\\laravel\\framework\\src\\Illuminate\\Routing\\Pipeline.php(53): Illuminate\\Pipeline\\Pipeline->Illuminate\\Pipeline\\{closure}(Object(Illuminate\\Http\\Request))
#36 C:\\xampp\\htdocs\\Attendize-master\\vendor\\laravel\\framework\\src\\Illuminate\\View\\Middleware\\ShareErrorsFromSession.php(49): Illuminate\\Routing\\Pipeline->Illuminate\\Routing\\{closure}(Object(Illuminate\\Http\\Request))
#37 C:\\xampp\\htdocs\\Attendize-master\\vendor\\laravel\\framework\\src\\Illuminate\\Pipeline\\Pipeline.php(163): Illuminate\\View\\Middleware\\ShareErrorsFromSession->handle(Object(Illuminate\\Http\\Request), Object(Closure))
#38 C:\\xampp\\htdocs\\Attendize-master\\vendor\\laravel\\framework\\src\\Illuminate\\Routing\\Pipeline.php(53): Illuminate\\Pipeline\\Pipeline->Illuminate\\Pipeline\\{closure}(Object(Illuminate\\Http\\Request))
#39 C:\\xampp\\htdocs\\Attendize-master\\vendor\\laravel\\framework\\src\\Illuminate\\Session\\Middleware\\StartSession.php(56): Illuminate\\Routing\\Pipeline->Illuminate\\Routing\\{closure}(Object(Illuminate\\Http\\Request))
#40 C:\\xampp\\htdocs\\Attendize-master\\vendor\\laravel\\framework\\src\\Illuminate\\Pipeline\\Pipeline.php(163): Illuminate\\Session\\Middleware\\StartSession->handle(Object(Illuminate\\Http\\Request), Object(Closure))
#41 C:\\xampp\\htdocs\\Attendize-master\\vendor\\laravel\\framework\\src\\Illuminate\\Routing\\Pipeline.php(53): Illuminate\\Pipeline\\Pipeline->Illuminate\\Pipeline\\{closure}(Object(Illuminate\\Http\\Request))
#42 C:\\xampp\\htdocs\\Attendize-master\\vendor\\laravel\\framework\\src\\Illuminate\\Cookie\\Middleware\\AddQueuedCookiesToResponse.php(37): Illuminate\\Routing\\Pipeline->Illuminate\\Routing\\{closure}(Object(Illuminate\\Http\\Request))
#43 C:\\xampp\\htdocs\\Attendize-master\\vendor\\laravel\\framework\\src\\Illuminate\\Pipeline\\Pipeline.php(163): Illuminate\\Cookie\\Middleware\\AddQueuedCookiesToResponse->handle(Object(Illuminate\\Http\\Request), Object(Closure))
#44 C:\\xampp\\htdocs\\Attendize-master\\vendor\\laravel\\framework\\src\\Illuminate\\Routing\\Pipeline.php(53): Illuminate\\Pipeline\\Pipeline->Illuminate\\Pipeline\\{closure}(Object(Illuminate\\Http\\Request))
#45 C:\\xampp\\htdocs\\Attendize-master\\vendor\\laravel\\framework\\src\\Illuminate\\Cookie\\Middleware\\EncryptCookies.php(66): Illuminate\\Routing\\Pipeline->Illuminate\\Routing\\{closure}(Object(Illuminate\\Http\\Request))
#46 C:\\xampp\\htdocs\\Attendize-master\\vendor\\laravel\\framework\\src\\Illuminate\\Pipeline\\Pipeline.php(163): Illuminate\\Cookie\\Middleware\\EncryptCookies->handle(Object(Illuminate\\Http\\Request), Object(Closure))
#47 C:\\xampp\\htdocs\\Attendize-master\\vendor\\laravel\\framework\\src\\Illuminate\\Routing\\Pipeline.php(53): Illuminate\\Pipeline\\Pipeline->Illuminate\\Pipeline\\{closure}(Object(Illuminate\\Http\\Request))
#48 C:\\xampp\\htdocs\\Attendize-master\\vendor\\laravel\\framework\\src\\Illuminate\\Foundation\\Http\\Middleware\\CheckForMaintenanceMode.php(62): Illuminate\\Routing\\Pipeline->Illuminate\\Routing\\{closure}(Object(Illuminate\\Http\\Request))
#49 C:\\xampp\\htdocs\\Attendize-master\\vendor\\laravel\\framework\\src\\Illuminate\\Pipeline\\Pipeline.php(163): Illuminate\\Foundation\\Http\\Middleware\\CheckForMaintenanceMode->handle(Object(Illuminate\\Http\\Request), Object(Closure))
#50 C:\\xampp\\htdocs\\Attendize-master\\vendor\\laravel\\framework\\src\\Illuminate\\Routing\\Pipeline.php(53): Illuminate\\Pipeline\\Pipeline->Illuminate\\Pipeline\\{closure}(Object(Illuminate\\Http\\Request))
#51 C:\\xampp\\htdocs\\Attendize-master\\vendor\\laravel\\framework\\src\\Illuminate\\Pipeline\\Pipeline.php(104): Illuminate\\Routing\\Pipeline->Illuminate\\Routing\\{closure}(Object(Illuminate\\Http\\Request))
#52 C:\\xampp\\htdocs\\Attendize-master\\vendor\\laravel\\framework\\src\\Illuminate\\Foundation\\Http\\Kernel.php(151): Illuminate\\Pipeline\\Pipeline->then(Object(Closure))
#53 C:\\xampp\\htdocs\\Attendize-master\\vendor\\laravel\\framework\\src\\Illuminate\\Foundation\\Http\\Kernel.php(116): Illuminate\\Foundation\\Http\\Kernel->sendRequestThroughRouter(Object(Illuminate\\Http\\Request))
#54 C:\\xampp\\htdocs\\Attendize-master\\public\\index.php(51): Illuminate\\Foundation\\Http\\Kernel->handle(Object(Illuminate\\Http\\Request))
#55 {main}
"} 
